{"Y:\\BugHuntr-4\\functions\\src\\index.ts": {"path":"Y:\\BugHuntr-4\\functions\\src\\index.ts","statementMap":{"0":{"start":{"line":14,"column":0},"end":{"line":14,"column":40}},"1":{"start":{"line":17,"column":0},"end":{"line":17,"column":22}},"2":{"start":{"line":20,"column":0},"end":{"line":20,"column":9}},"3":{"start":{"line":20,"column":9},"end":{"line":20,"column":56}},"4":{"start":{"line":21,"column":0},"end":{"line":21,"column":9}},"5":{"start":{"line":21,"column":9},"end":{"line":21,"column":64}},"6":{"start":{"line":22,"column":0},"end":{"line":22,"column":9}},"7":{"start":{"line":22,"column":9},"end":{"line":22,"column":64}},"8":{"start":{"line":23,"column":0},"end":{"line":23,"column":9}},"9":{"start":{"line":23,"column":9},"end":{"line":23,"column":29}},"10":{"start":{"line":23,"column":29},"end":{"line":23,"column":89}}},"fnMap":{"0":{"name":"(anonymous_9)","decl":{"start":{"line":20,"column":9},"end":{"line":20,"column":21}},"loc":{"start":{"line":20,"column":9},"end":{"line":20,"column":56}}},"1":{"name":"(anonymous_10)","decl":{"start":{"line":21,"column":9},"end":{"line":21,"column":25}},"loc":{"start":{"line":21,"column":9},"end":{"line":21,"column":64}}},"2":{"name":"(anonymous_11)","decl":{"start":{"line":22,"column":9},"end":{"line":22,"column":25}},"loc":{"start":{"line":22,"column":9},"end":{"line":22,"column":64}}},"3":{"name":"(anonymous_12)","decl":{"start":{"line":23,"column":9},"end":{"line":23,"column":27}},"loc":{"start":{"line":23,"column":9},"end":{"line":23,"column":29}}},"4":{"name":"(anonymous_13)","decl":{"start":{"line":23,"column":29},"end":{"line":23,"column":48}},"loc":{"start":{"line":23,"column":29},"end":{"line":23,"column":89}}}},"branchMap":{},"s":{"0":0,"1":0,"2":0,"3":0,"4":0,"5":0,"6":0,"7":0,"8":0,"9":0,"10":0},"f":{"0":0,"1":0,"2":0,"3":0,"4":0},"b":{}}
,"Y:\\BugHuntr-4\\functions\\src\\functions\\createBatchPayouts.ts": {"path":"Y:\\BugHuntr-4\\functions\\src\\functions\\createBatchPayouts.ts","statementMap":{"0":{"start":{"line":8,"column":0},"end":{"line":8,"column":48}},"1":{"start":{"line":9,"column":0},"end":{"line":9,"column":40}},"2":{"start":{"line":10,"column":0},"end":{"line":10,"column":53}},"3":{"start":{"line":12,"column":11},"end":{"line":12,"column":28}},"4":{"start":{"line":37,"column":13},"end":{"line":219,"column":3}},"5":{"start":{"line":45,"column":2},"end":{"line":50,"column":3}},"6":{"start":{"line":46,"column":4},"end":{"line":49,"column":6}},"7":{"start":{"line":52,"column":20},"end":{"line":52,"column":36}},"8":{"start":{"line":55,"column":18},"end":{"line":55,"column":67}},"9":{"start":{"line":56,"column":19},"end":{"line":56,"column":33}},"10":{"start":{"line":58,"column":2},"end":{"line":63,"column":3}},"11":{"start":{"line":59,"column":4},"end":{"line":62,"column":6}},"12":{"start":{"line":65,"column":2},"end":{"line":69,"column":5}},"13":{"start":{"line":75,"column":2},"end":{"line":80,"column":3}},"14":{"start":{"line":76,"column":4},"end":{"line":79,"column":6}},"15":{"start":{"line":82,"column":2},"end":{"line":87,"column":3}},"16":{"start":{"line":83,"column":4},"end":{"line":86,"column":6}},"17":{"start":{"line":89,"column":2},"end":{"line":94,"column":3}},"18":{"start":{"line":90,"column":4},"end":{"line":93,"column":6}},"19":{"start":{"line":100,"column":18},"end":{"line":100,"column":61}},"20":{"start":{"line":102,"column":19},"end":{"line":113,"column":4}},"21":{"start":{"line":115,"column":2},"end":{"line":115,"column":70}},"22":{"start":{"line":121,"column":18},"end":{"line":126,"column":4}},"23":{"start":{"line":130,"column":2},"end":{"line":184,"column":3}},"24":{"start":{"line":130,"column":15},"end":{"line":130,"column":16}},"25":{"start":{"line":131,"column":19},"end":{"line":131,"column":34}},"26":{"start":{"line":133,"column":4},"end":{"line":183,"column":5}},"27":{"start":{"line":135,"column":6},"end":{"line":137,"column":7}},"28":{"start":{"line":136,"column":8},"end":{"line":136,"column":65}},"29":{"start":{"line":156,"column":6},"end":{"line":167,"column":9}},"30":{"start":{"line":169,"column":6},"end":{"line":169,"column":23}},"31":{"start":{"line":172,"column":6},"end":{"line":172,"column":23}},"32":{"start":{"line":173,"column":6},"end":{"line":176,"column":9}},"33":{"start":{"line":178,"column":6},"end":{"line":182,"column":9}},"34":{"start":{"line":190,"column":2},"end":{"line":195,"column":5}},"35":{"start":{"line":197,"column":2},"end":{"line":207,"column":5}},"36":{"start":{"line":209,"column":2},"end":{"line":212,"column":5}},"37":{"start":{"line":214,"column":2},"end":{"line":217,"column":null}},"38":{"start":{"line":227,"column":13},"end":{"line":274,"column":5}},"39":{"start":{"line":230,"column":22},"end":{"line":230,"column":33}},"40":{"start":{"line":231,"column":20},"end":{"line":231,"column":42}},"41":{"start":{"line":233,"column":4},"end":{"line":235,"column":5}},"42":{"start":{"line":234,"column":6},"end":{"line":234,"column":13}},"43":{"start":{"line":237,"column":4},"end":{"line":241,"column":7}},"44":{"start":{"line":243,"column":4},"end":{"line":273,"column":5}},"45":{"start":{"line":249,"column":6},"end":{"line":252,"column":9}},"46":{"start":{"line":257,"column":6},"end":{"line":260,"column":9}},"47":{"start":{"line":263,"column":6},"end":{"line":266,"column":9}},"48":{"start":{"line":268,"column":6},"end":{"line":272,"column":9}}},"fnMap":{"0":{"name":"(anonymous_9)","decl":{"start":{"line":37,"column":57},"end":{"line":37,"column":62}},"loc":{"start":{"line":40,"column":14},"end":{"line":219,"column":1}}},"1":{"name":"(anonymous_10)","decl":{"start":{"line":229,"column":12},"end":{"line":229,"column":17}},"loc":{"start":{"line":229,"column":36},"end":{"line":274,"column":3}}}},"branchMap":{"0":{"loc":{"start":{"line":45,"column":2},"end":{"line":50,"column":3}},"type":"if","locations":[{"start":{"line":45,"column":2},"end":{"line":50,"column":3}}]},"1":{"loc":{"start":{"line":58,"column":2},"end":{"line":63,"column":3}},"type":"if","locations":[{"start":{"line":58,"column":2},"end":{"line":63,"column":3}}]},"2":{"loc":{"start":{"line":58,"column":6},"end":{"line":58,"column":48}},"type":"binary-expr","locations":[{"start":{"line":58,"column":6},"end":{"line":58,"column":15}},{"start":{"line":58,"column":19},"end":{"line":58,"column":48}}]},"3":{"loc":{"start":{"line":68,"column":15},"end":{"line":68,"column":40}},"type":"binary-expr","locations":[{"start":{"line":68,"column":15},"end":{"line":68,"column":35}},{"start":{"line":68,"column":39},"end":{"line":68,"column":40}}]},"4":{"loc":{"start":{"line":68,"column":15},"end":{"line":68,"column":35}},"type":"cond-expr","locations":[{"start":{"line":68,"column":27},"end":{"line":68,"column":29}},{"start":{"line":68,"column":27},"end":{"line":68,"column":35}}]},"5":{"loc":{"start":{"line":68,"column":15},"end":{"line":68,"column":29}},"type":"binary-expr","locations":[{"start":{"line":68,"column":15},"end":{"line":68,"column":29}},{"start":{"line":68,"column":27},"end":{"line":68,"column":29}}]},"6":{"loc":{"start":{"line":75,"column":2},"end":{"line":80,"column":3}},"type":"if","locations":[{"start":{"line":75,"column":2},"end":{"line":80,"column":3}}]},"7":{"loc":{"start":{"line":75,"column":6},"end":{"line":75,"column":66}},"type":"binary-expr","locations":[{"start":{"line":75,"column":6},"end":{"line":75,"column":17}},{"start":{"line":75,"column":21},"end":{"line":75,"column":34}},{"start":{"line":75,"column":38},"end":{"line":75,"column":66}}]},"8":{"loc":{"start":{"line":82,"column":2},"end":{"line":87,"column":3}},"type":"if","locations":[{"start":{"line":82,"column":2},"end":{"line":87,"column":3}}]},"9":{"loc":{"start":{"line":89,"column":2},"end":{"line":94,"column":3}},"type":"if","locations":[{"start":{"line":89,"column":2},"end":{"line":94,"column":3}}]},"10":{"loc":{"start":{"line":135,"column":6},"end":{"line":137,"column":7}},"type":"if","locations":[{"start":{"line":135,"column":6},"end":{"line":137,"column":7}}]},"11":{"loc":{"start":{"line":135,"column":10},"end":{"line":135,"column":111}},"type":"binary-expr","locations":[{"start":{"line":135,"column":10},"end":{"line":135,"column":30}},{"start":{"line":135,"column":34},"end":{"line":135,"column":48}},{"start":{"line":135,"column":52},"end":{"line":135,"column":69}},{"start":{"line":135,"column":73},"end":{"line":135,"column":93}},{"start":{"line":135,"column":97},"end":{"line":135,"column":111}}]},"12":{"loc":{"start":{"line":191,"column":12},"end":{"line":191,"column":74}},"type":"cond-expr","locations":[{"start":{"line":191,"column":51},"end":{"line":191,"column":59}},{"start":{"line":191,"column":62},"end":{"line":191,"column":74}}]},"13":{"loc":{"start":{"line":233,"column":4},"end":{"line":235,"column":5}},"type":"if","locations":[{"start":{"line":233,"column":4},"end":{"line":235,"column":5}}]}},"s":{"0":0,"1":0,"2":0,"3":0,"4":0,"5":0,"6":0,"7":0,"8":0,"9":0,"10":0,"11":0,"12":0,"13":0,"14":0,"15":0,"16":0,"17":0,"18":0,"19":0,"20":0,"21":0,"22":0,"23":0,"24":0,"25":0,"26":0,"27":0,"28":0,"29":0,"30":0,"31":0,"32":0,"33":0,"34":0,"35":0,"36":0,"37":0,"38":0,"39":0,"40":0,"41":0,"42":0,"43":0,"44":0,"45":0,"46":0,"47":0,"48":0},"f":{"0":0,"1":0},"b":{"0":[0],"1":[0],"2":[0,0],"3":[0,0],"4":[0,0],"5":[0,0],"6":[0],"7":[0,0,0],"8":[0],"9":[0],"10":[0],"11":[0,0,0,0,0],"12":[0,0],"13":[0]}}
,"Y:\\BugHuntr-4\\functions\\src\\functions\\createPayout.ts": {"path":"Y:\\BugHuntr-4\\functions\\src\\functions\\createPayout.ts","statementMap":{"0":{"start":{"line":17,"column":0},"end":{"line":17,"column":48}},"1":{"start":{"line":18,"column":0},"end":{"line":18,"column":40}},"2":{"start":{"line":19,"column":0},"end":{"line":19,"column":70}},"3":{"start":{"line":20,"column":0},"end":{"line":20,"column":null}},"4":{"start":{"line":26,"column":0},"end":{"line":26,"column":null}},"5":{"start":{"line":32,"column":11},"end":{"line":32,"column":28}},"6":{"start":{"line":63,"column":13},"end":{"line":316,"column":3}},"7":{"start":{"line":68,"column":2},"end":{"line":73,"column":3}},"8":{"start":{"line":69,"column":4},"end":{"line":72,"column":6}},"9":{"start":{"line":75,"column":20},"end":{"line":75,"column":36}},"10":{"start":{"line":78,"column":18},"end":{"line":78,"column":67}},"11":{"start":{"line":79,"column":19},"end":{"line":79,"column":33}},"12":{"start":{"line":81,"column":2},"end":{"line":86,"column":3}},"13":{"start":{"line":82,"column":4},"end":{"line":85,"column":6}},"14":{"start":{"line":88,"column":2},"end":{"line":93,"column":5}},"15":{"start":{"line":99,"column":2},"end":{"line":104,"column":3}},"16":{"start":{"line":100,"column":4},"end":{"line":103,"column":6}},"17":{"start":{"line":107,"column":27},"end":{"line":107,"column":79}},"18":{"start":{"line":108,"column":2},"end":{"line":113,"column":3}},"19":{"start":{"line":109,"column":4},"end":{"line":112,"column":6}},"20":{"start":{"line":119,"column":19},"end":{"line":119,"column":66}},"21":{"start":{"line":120,"column":28},"end":{"line":120,"column":78}},"22":{"start":{"line":122,"column":2},"end":{"line":139,"column":3}},"23":{"start":{"line":123,"column":27},"end":{"line":123,"column":51}},"24":{"start":{"line":125,"column":4},"end":{"line":128,"column":7}},"25":{"start":{"line":131,"column":4},"end":{"line":138,"column":6}},"26":{"start":{"line":145,"column":20},"end":{"line":145,"column":76}},"27":{"start":{"line":147,"column":2},"end":{"line":152,"column":3}},"28":{"start":{"line":148,"column":4},"end":{"line":151,"column":6}},"29":{"start":{"line":154,"column":17},"end":{"line":154,"column":33}},"30":{"start":{"line":155,"column":19},"end":{"line":155,"column":62}},"31":{"start":{"line":156,"column":18},"end":{"line":156,"column":62}},"32":{"start":{"line":159,"column":27},"end":{"line":159,"column":76}},"33":{"start":{"line":160,"column":2},"end":{"line":165,"column":3}},"34":{"start":{"line":161,"column":4},"end":{"line":164,"column":6}},"35":{"start":{"line":171,"column":24},"end":{"line":171,"column":73}},"36":{"start":{"line":173,"column":2},"end":{"line":189,"column":3}},"37":{"start":{"line":174,"column":4},"end":{"line":183,"column":7}},"38":{"start":{"line":185,"column":4},"end":{"line":188,"column":6}},"39":{"start":{"line":195,"column":21},"end":{"line":209,"column":4}},"40":{"start":{"line":211,"column":2},"end":{"line":211,"column":63}},"41":{"start":{"line":213,"column":2},"end":{"line":213,"column":63}},"42":{"start":{"line":219,"column":2},"end":{"line":315,"column":3}},"43":{"start":{"line":220,"column":28},"end":{"line":220,"column":55}},"44":{"start":{"line":223,"column":23},"end":{"line":224,"column":110}},"45":{"start":{"line":226,"column":30},"end":{"line":233,"column":6}},"46":{"start":{"line":239,"column":4},"end":{"line":244,"column":7}},"47":{"start":{"line":246,"column":4},"end":{"line":255,"column":7}},"48":{"start":{"line":257,"column":4},"end":{"line":260,"column":7}},"49":{"start":{"line":262,"column":4},"end":{"line":268,"column":6}},"50":{"start":{"line":275,"column":4},"end":{"line":279,"column":7}},"51":{"start":{"line":282,"column":4},"end":{"line":282,"column":56}},"52":{"start":{"line":285,"column":4},"end":{"line":293,"column":7}},"53":{"start":{"line":295,"column":4},"end":{"line":308,"column":7}},"54":{"start":{"line":310,"column":4},"end":{"line":314,"column":6}}},"fnMap":{"0":{"name":"(anonymous_9)","decl":{"start":{"line":63,"column":51},"end":{"line":63,"column":56}},"loc":{"start":{"line":63,"column":93},"end":{"line":316,"column":1}}}},"branchMap":{"0":{"loc":{"start":{"line":68,"column":2},"end":{"line":73,"column":3}},"type":"if","locations":[{"start":{"line":68,"column":2},"end":{"line":73,"column":3}}]},"1":{"loc":{"start":{"line":81,"column":2},"end":{"line":86,"column":3}},"type":"if","locations":[{"start":{"line":81,"column":2},"end":{"line":86,"column":3}}]},"2":{"loc":{"start":{"line":81,"column":6},"end":{"line":81,"column":48}},"type":"binary-expr","locations":[{"start":{"line":81,"column":6},"end":{"line":81,"column":15}},{"start":{"line":81,"column":19},"end":{"line":81,"column":48}}]},"3":{"loc":{"start":{"line":99,"column":2},"end":{"line":104,"column":3}},"type":"if","locations":[{"start":{"line":99,"column":2},"end":{"line":104,"column":3}}]},"4":{"loc":{"start":{"line":99,"column":6},"end":{"line":99,"column":112}},"type":"binary-expr","locations":[{"start":{"line":99,"column":6},"end":{"line":99,"column":24}},{"start":{"line":99,"column":28},"end":{"line":99,"column":40}},{"start":{"line":99,"column":44},"end":{"line":99,"column":55}},{"start":{"line":99,"column":59},"end":{"line":99,"column":74}},{"start":{"line":99,"column":78},"end":{"line":99,"column":96}},{"start":{"line":99,"column":100},"end":{"line":99,"column":112}}]},"5":{"loc":{"start":{"line":107,"column":55},"end":{"line":107,"column":78}},"type":"binary-expr","locations":[{"start":{"line":107,"column":55},"end":{"line":107,"column":68}},{"start":{"line":107,"column":72},"end":{"line":107,"column":78}}]},"6":{"loc":{"start":{"line":108,"column":2},"end":{"line":113,"column":3}},"type":"if","locations":[{"start":{"line":108,"column":2},"end":{"line":113,"column":3}}]},"7":{"loc":{"start":{"line":122,"column":2},"end":{"line":139,"column":3}},"type":"if","locations":[{"start":{"line":122,"column":2},"end":{"line":139,"column":3}}]},"8":{"loc":{"start":{"line":127,"column":14},"end":{"line":127,"column":36}},"type":"cond-expr","locations":[{"start":{"line":127,"column":28},"end":{"line":127,"column":30}},{"start":{"line":127,"column":14},"end":{"line":127,"column":36}}]},"9":{"loc":{"start":{"line":127,"column":14},"end":{"line":127,"column":30}},"type":"binary-expr","locations":[{"start":{"line":127,"column":14},"end":{"line":127,"column":30}},{"start":{"line":127,"column":14},"end":{"line":127,"column":30}}]},"10":{"loc":{"start":{"line":134,"column":14},"end":{"line":134,"column":36}},"type":"cond-expr","locations":[{"start":{"line":134,"column":28},"end":{"line":134,"column":30}},{"start":{"line":134,"column":14},"end":{"line":134,"column":36}}]},"11":{"loc":{"start":{"line":134,"column":14},"end":{"line":134,"column":30}},"type":"binary-expr","locations":[{"start":{"line":134,"column":14},"end":{"line":134,"column":30}},{"start":{"line":134,"column":14},"end":{"line":134,"column":30}}]},"12":{"loc":{"start":{"line":135,"column":27},"end":{"line":135,"column":62}},"type":"cond-expr","locations":[{"start":{"line":135,"column":41},"end":{"line":135,"column":43}},{"start":{"line":135,"column":27},"end":{"line":135,"column":62}}]},"13":{"loc":{"start":{"line":135,"column":27},"end":{"line":135,"column":43}},"type":"binary-expr","locations":[{"start":{"line":135,"column":27},"end":{"line":135,"column":43}},{"start":{"line":135,"column":27},"end":{"line":135,"column":43}}]},"14":{"loc":{"start":{"line":147,"column":2},"end":{"line":152,"column":3}},"type":"if","locations":[{"start":{"line":147,"column":2},"end":{"line":152,"column":3}}]},"15":{"loc":{"start":{"line":155,"column":19},"end":{"line":155,"column":62}},"type":"binary-expr","locations":[{"start":{"line":155,"column":19},"end":{"line":155,"column":32}},{"start":{"line":155,"column":36},"end":{"line":155,"column":52}},{"start":{"line":155,"column":56},"end":{"line":155,"column":62}}]},"16":{"loc":{"start":{"line":155,"column":36},"end":{"line":155,"column":52}},"type":"cond-expr","locations":[{"start":{"line":155,"column":42},"end":{"line":155,"column":44}},{"start":{"line":155,"column":36},"end":{"line":155,"column":52}}]},"17":{"loc":{"start":{"line":155,"column":36},"end":{"line":155,"column":44}},"type":"binary-expr","locations":[{"start":{"line":155,"column":36},"end":{"line":155,"column":44}},{"start":{"line":155,"column":36},"end":{"line":155,"column":44}}]},"18":{"loc":{"start":{"line":156,"column":18},"end":{"line":156,"column":62}},"type":"binary-expr","locations":[{"start":{"line":156,"column":18},"end":{"line":156,"column":30}},{"start":{"line":156,"column":34},"end":{"line":156,"column":49}},{"start":{"line":156,"column":53},"end":{"line":156,"column":62}}]},"19":{"loc":{"start":{"line":156,"column":34},"end":{"line":156,"column":49}},"type":"cond-expr","locations":[{"start":{"line":156,"column":40},"end":{"line":156,"column":42}},{"start":{"line":156,"column":34},"end":{"line":156,"column":49}}]},"20":{"loc":{"start":{"line":156,"column":34},"end":{"line":156,"column":42}},"type":"binary-expr","locations":[{"start":{"line":156,"column":34},"end":{"line":156,"column":42}},{"start":{"line":156,"column":34},"end":{"line":156,"column":42}}]},"21":{"loc":{"start":{"line":160,"column":2},"end":{"line":165,"column":3}},"type":"if","locations":[{"start":{"line":160,"column":2},"end":{"line":165,"column":3}}]},"22":{"loc":{"start":{"line":173,"column":2},"end":{"line":189,"column":3}},"type":"if","locations":[{"start":{"line":173,"column":2},"end":{"line":189,"column":3}}]},"23":{"loc":{"start":{"line":187,"column":6},"end":{"line":187,"column":54}},"type":"binary-expr","locations":[{"start":{"line":187,"column":6},"end":{"line":187,"column":25}},{"start":{"line":187,"column":29},"end":{"line":187,"column":54}}]},"24":{"loc":{"start":{"line":223,"column":23},"end":{"line":224,"column":110}},"type":"binary-expr","locations":[{"start":{"line":223,"column":23},"end":{"line":223,"column":64}},{"start":{"line":224,"column":23},"end":{"line":224,"column":110}}]},"25":{"loc":{"start":{"line":223,"column":23},"end":{"line":223,"column":64}},"type":"cond-expr","locations":[{"start":{"line":223,"column":51},"end":{"line":223,"column":53}},{"start":{"line":223,"column":51},"end":{"line":223,"column":64}}]},"26":{"loc":{"start":{"line":223,"column":23},"end":{"line":223,"column":53}},"type":"binary-expr","locations":[{"start":{"line":223,"column":23},"end":{"line":223,"column":53}},{"start":{"line":223,"column":51},"end":{"line":223,"column":53}}]},"27":{"loc":{"start":{"line":241,"column":27},"end":{"line":241,"column":65}},"type":"binary-expr","locations":[{"start":{"line":241,"column":27},"end":{"line":241,"column":57}},{"start":{"line":241,"column":61},"end":{"line":241,"column":65}}]},"28":{"loc":{"start":{"line":241,"column":27},"end":{"line":241,"column":57}},"type":"cond-expr","locations":[{"start":{"line":241,"column":51},"end":{"line":241,"column":53}},{"start":{"line":241,"column":51},"end":{"line":241,"column":57}}]},"29":{"loc":{"start":{"line":241,"column":27},"end":{"line":241,"column":53}},"type":"binary-expr","locations":[{"start":{"line":241,"column":27},"end":{"line":241,"column":53}},{"start":{"line":241,"column":51},"end":{"line":241,"column":53}}]},"30":{"loc":{"start":{"line":259,"column":27},"end":{"line":259,"column":57}},"type":"cond-expr","locations":[{"start":{"line":259,"column":51},"end":{"line":259,"column":53}},{"start":{"line":259,"column":51},"end":{"line":259,"column":57}}]},"31":{"loc":{"start":{"line":259,"column":27},"end":{"line":259,"column":53}},"type":"binary-expr","locations":[{"start":{"line":259,"column":27},"end":{"line":259,"column":53}},{"start":{"line":259,"column":51},"end":{"line":259,"column":53}}]},"32":{"loc":{"start":{"line":266,"column":27},"end":{"line":266,"column":57}},"type":"cond-expr","locations":[{"start":{"line":266,"column":51},"end":{"line":266,"column":53}},{"start":{"line":266,"column":51},"end":{"line":266,"column":57}}]},"33":{"loc":{"start":{"line":266,"column":27},"end":{"line":266,"column":53}},"type":"binary-expr","locations":[{"start":{"line":266,"column":27},"end":{"line":266,"column":53}},{"start":{"line":266,"column":51},"end":{"line":266,"column":53}}]},"34":{"loc":{"start":{"line":288,"column":14},"end":{"line":288,"column":45}},"type":"binary-expr","locations":[{"start":{"line":288,"column":14},"end":{"line":288,"column":24}},{"start":{"line":288,"column":28},"end":{"line":288,"column":45}}]}},"s":{"0":0,"1":0,"2":0,"3":0,"4":0,"5":0,"6":0,"7":0,"8":0,"9":0,"10":0,"11":0,"12":0,"13":0,"14":0,"15":0,"16":0,"17":0,"18":0,"19":0,"20":0,"21":0,"22":0,"23":0,"24":0,"25":0,"26":0,"27":0,"28":0,"29":0,"30":0,"31":0,"32":0,"33":0,"34":0,"35":0,"36":0,"37":0,"38":0,"39":0,"40":0,"41":0,"42":0,"43":0,"44":0,"45":0,"46":0,"47":0,"48":0,"49":0,"50":0,"51":0,"52":0,"53":0,"54":0},"f":{"0":0},"b":{"0":[0],"1":[0],"2":[0,0],"3":[0],"4":[0,0,0,0,0,0],"5":[0,0],"6":[0],"7":[0],"8":[0,0],"9":[0,0],"10":[0,0],"11":[0,0],"12":[0,0],"13":[0,0],"14":[0],"15":[0,0,0],"16":[0,0],"17":[0,0],"18":[0,0,0],"19":[0,0],"20":[0,0],"21":[0],"22":[0],"23":[0,0],"24":[0,0],"25":[0,0],"26":[0,0],"27":[0,0],"28":[0,0],"29":[0,0],"30":[0,0],"31":[0,0],"32":[0,0],"33":[0,0],"34":[0,0]}}
,"Y:\\BugHuntr-4\\functions\\src\\functions\\cryptomusWebhook.ts": {"path":"Y:\\BugHuntr-4\\functions\\src\\functions\\cryptomusWebhook.ts","statementMap":{"0":{"start":{"line":19,"column":0},"end":{"line":19,"column":48}},"1":{"start":{"line":20,"column":0},"end":{"line":20,"column":40}},"2":{"start":{"line":22,"column":0},"end":{"line":22,"column":70}},"3":{"start":{"line":23,"column":0},"end":{"line":23,"column":57}},"4":{"start":{"line":24,"column":0},"end":{"line":24,"column":null}},"5":{"start":{"line":31,"column":11},"end":{"line":31,"column":28}},"6":{"start":{"line":40,"column":13},"end":{"line":267,"column":3}},"7":{"start":{"line":42,"column":2},"end":{"line":45,"column":3}},"8":{"start":{"line":43,"column":4},"end":{"line":43,"column":47}},"9":{"start":{"line":44,"column":4},"end":{"line":44,"column":11}},"10":{"start":{"line":47,"column":18},"end":{"line":47,"column":26}},"11":{"start":{"line":49,"column":2},"end":{"line":53,"column":5}},"12":{"start":{"line":59,"column":2},"end":{"line":89,"column":3}},"13":{"start":{"line":60,"column":28},"end":{"line":60,"column":55}},"14":{"start":{"line":61,"column":30},"end":{"line":61,"column":75}},"15":{"start":{"line":63,"column":4},"end":{"line":68,"column":5}},"16":{"start":{"line":64,"column":6},"end":{"line":64,"column":70}},"17":{"start":{"line":65,"column":6},"end":{"line":65,"column":70}},"18":{"start":{"line":66,"column":6},"end":{"line":66,"column":48}},"19":{"start":{"line":67,"column":6},"end":{"line":67,"column":13}},"20":{"start":{"line":70,"column":29},"end":{"line":70,"column":95}},"21":{"start":{"line":72,"column":4},"end":{"line":80,"column":5}},"22":{"start":{"line":73,"column":6},"end":{"line":76,"column":9}},"23":{"start":{"line":77,"column":6},"end":{"line":77,"column":70}},"24":{"start":{"line":78,"column":6},"end":{"line":78,"column":48}},"25":{"start":{"line":79,"column":6},"end":{"line":79,"column":13}},"26":{"start":{"line":82,"column":4},"end":{"line":82,"column":88}},"27":{"start":{"line":85,"column":4},"end":{"line":85,"column":85}},"28":{"start":{"line":86,"column":4},"end":{"line":86,"column":87}},"29":{"start":{"line":87,"column":4},"end":{"line":87,"column":58}},"30":{"start":{"line":88,"column":4},"end":{"line":88,"column":11}},"31":{"start":{"line":103,"column":6},"end":{"line":103,"column":13}},"32":{"start":{"line":105,"column":2},"end":{"line":110,"column":3}},"33":{"start":{"line":106,"column":4},"end":{"line":106,"column":68}},"34":{"start":{"line":107,"column":4},"end":{"line":107,"column":66}},"35":{"start":{"line":108,"column":4},"end":{"line":108,"column":31}},"36":{"start":{"line":109,"column":4},"end":{"line":109,"column":11}},"37":{"start":{"line":116,"column":20},"end":{"line":116,"column":58}},"38":{"start":{"line":117,"column":20},"end":{"line":117,"column":41}},"39":{"start":{"line":119,"column":2},"end":{"line":124,"column":3}},"40":{"start":{"line":120,"column":4},"end":{"line":120,"column":72}},"41":{"start":{"line":121,"column":4},"end":{"line":121,"column":79}},"42":{"start":{"line":122,"column":4},"end":{"line":122,"column":31}},"43":{"start":{"line":123,"column":4},"end":{"line":123,"column":11}},"44":{"start":{"line":126,"column":17},"end":{"line":126,"column":40}},"45":{"start":{"line":128,"column":2},"end":{"line":133,"column":3}},"46":{"start":{"line":129,"column":4},"end":{"line":129,"column":66}},"47":{"start":{"line":130,"column":4},"end":{"line":130,"column":71}},"48":{"start":{"line":131,"column":4},"end":{"line":131,"column":31}},"49":{"start":{"line":132,"column":4},"end":{"line":132,"column":11}},"50":{"start":{"line":134,"column":25},"end":{"line":134,"column":39}},"51":{"start":{"line":140,"column":20},"end":{"line":140,"column":55}},"52":{"start":{"line":142,"column":2},"end":{"line":148,"column":5}},"53":{"start":{"line":150,"column":2},"end":{"line":266,"column":3}},"54":{"start":{"line":152,"column":28},"end":{"line":159,"column":6}},"55":{"start":{"line":161,"column":4},"end":{"line":163,"column":5}},"56":{"start":{"line":162,"column":6},"end":{"line":162,"column":32}},"57":{"start":{"line":165,"column":4},"end":{"line":167,"column":5}},"58":{"start":{"line":166,"column":6},"end":{"line":166,"column":44}},"59":{"start":{"line":170,"column":4},"end":{"line":173,"column":6}},"60":{"start":{"line":175,"column":4},"end":{"line":175,"column":39}},"61":{"start":{"line":181,"column":4},"end":{"line":218,"column":5}},"62":{"start":{"line":183,"column":6},"end":{"line":183,"column":65}},"63":{"start":{"line":185,"column":6},"end":{"line":190,"column":9}},"64":{"start":{"line":195,"column":11},"end":{"line":218,"column":5}},"65":{"start":{"line":197,"column":6},"end":{"line":197,"column":62}},"66":{"start":{"line":199,"column":6},"end":{"line":204,"column":9}},"67":{"start":{"line":209,"column":11},"end":{"line":218,"column":5}},"68":{"start":{"line":211,"column":6},"end":{"line":211,"column":62}},"69":{"start":{"line":213,"column":6},"end":{"line":217,"column":9}},"70":{"start":{"line":224,"column":4},"end":{"line":240,"column":7}},"71":{"start":{"line":242,"column":4},"end":{"line":246,"column":7}},"72":{"start":{"line":248,"column":4},"end":{"line":248,"column":31}},"73":{"start":{"line":251,"column":4},"end":{"line":255,"column":7}},"74":{"start":{"line":259,"column":4},"end":{"line":263,"column":6}},"75":{"start":{"line":265,"column":4},"end":{"line":265,"column":41}}},"fnMap":{"0":{"name":"(anonymous_9)","decl":{"start":{"line":40,"column":58},"end":{"line":40,"column":63}},"loc":{"start":{"line":40,"column":112},"end":{"line":267,"column":1}}}},"branchMap":{"0":{"loc":{"start":{"line":42,"column":2},"end":{"line":45,"column":3}},"type":"if","locations":[{"start":{"line":42,"column":2},"end":{"line":45,"column":3}}]},"1":{"loc":{"start":{"line":61,"column":30},"end":{"line":61,"column":75}},"type":"binary-expr","locations":[{"start":{"line":61,"column":30},"end":{"line":61,"column":42}},{"start":{"line":61,"column":46},"end":{"line":61,"column":75}}]},"2":{"loc":{"start":{"line":63,"column":4},"end":{"line":68,"column":5}},"type":"if","locations":[{"start":{"line":63,"column":4},"end":{"line":68,"column":5}}]},"3":{"loc":{"start":{"line":72,"column":4},"end":{"line":80,"column":5}},"type":"if","locations":[{"start":{"line":72,"column":4},"end":{"line":80,"column":5}}]},"4":{"loc":{"start":{"line":105,"column":2},"end":{"line":110,"column":3}},"type":"if","locations":[{"start":{"line":105,"column":2},"end":{"line":110,"column":3}}]},"5":{"loc":{"start":{"line":119,"column":2},"end":{"line":124,"column":3}},"type":"if","locations":[{"start":{"line":119,"column":2},"end":{"line":124,"column":3}}]},"6":{"loc":{"start":{"line":128,"column":2},"end":{"line":133,"column":3}},"type":"if","locations":[{"start":{"line":128,"column":2},"end":{"line":133,"column":3}}]},"7":{"loc":{"start":{"line":134,"column":25},"end":{"line":134,"column":39}},"type":"cond-expr","locations":[{"start":{"line":134,"column":31},"end":{"line":134,"column":33}},{"start":{"line":134,"column":25},"end":{"line":134,"column":39}}]},"8":{"loc":{"start":{"line":134,"column":25},"end":{"line":134,"column":33}},"type":"binary-expr","locations":[{"start":{"line":134,"column":25},"end":{"line":134,"column":33}},{"start":{"line":134,"column":25},"end":{"line":134,"column":33}}]},"9":{"loc":{"start":{"line":161,"column":4},"end":{"line":163,"column":5}},"type":"if","locations":[{"start":{"line":161,"column":4},"end":{"line":163,"column":5}}]},"10":{"loc":{"start":{"line":165,"column":4},"end":{"line":167,"column":5}},"type":"if","locations":[{"start":{"line":165,"column":4},"end":{"line":167,"column":5}}]},"11":{"loc":{"start":{"line":165,"column":8},"end":{"line":165,"column":46}},"type":"binary-expr","locations":[{"start":{"line":165,"column":8},"end":{"line":165,"column":12}},{"start":{"line":165,"column":16},"end":{"line":165,"column":46}}]},"12":{"loc":{"start":{"line":165,"column":17},"end":{"line":165,"column":44}},"type":"cond-expr","locations":[{"start":{"line":165,"column":23},"end":{"line":165,"column":25}},{"start":{"line":165,"column":17},"end":{"line":165,"column":44}}]},"13":{"loc":{"start":{"line":165,"column":17},"end":{"line":165,"column":25}},"type":"binary-expr","locations":[{"start":{"line":165,"column":17},"end":{"line":165,"column":25}},{"start":{"line":165,"column":17},"end":{"line":165,"column":25}}]},"14":{"loc":{"start":{"line":171,"column":9},"end":{"line":171,"column":35}},"type":"cond-expr","locations":[{"start":{"line":171,"column":15},"end":{"line":171,"column":17}},{"start":{"line":171,"column":9},"end":{"line":171,"column":35}}]},"15":{"loc":{"start":{"line":171,"column":9},"end":{"line":171,"column":17}},"type":"binary-expr","locations":[{"start":{"line":171,"column":9},"end":{"line":171,"column":17}},{"start":{"line":171,"column":9},"end":{"line":171,"column":17}}]},"16":{"loc":{"start":{"line":181,"column":4},"end":{"line":218,"column":5}},"type":"if","locations":[{"start":{"line":181,"column":4},"end":{"line":218,"column":5}},{"start":{"line":195,"column":11},"end":{"line":218,"column":5}}]},"17":{"loc":{"start":{"line":181,"column":8},"end":{"line":181,"column":67}},"type":"binary-expr","locations":[{"start":{"line":181,"column":8},"end":{"line":181,"column":33}},{"start":{"line":181,"column":37},"end":{"line":181,"column":67}}]},"18":{"loc":{"start":{"line":195,"column":11},"end":{"line":218,"column":5}},"type":"if","locations":[{"start":{"line":195,"column":11},"end":{"line":218,"column":5}},{"start":{"line":209,"column":11},"end":{"line":218,"column":5}}]},"19":{"loc":{"start":{"line":195,"column":15},"end":{"line":195,"column":68}},"type":"binary-expr","locations":[{"start":{"line":195,"column":15},"end":{"line":195,"column":37}},{"start":{"line":195,"column":41},"end":{"line":195,"column":68}}]},"20":{"loc":{"start":{"line":209,"column":11},"end":{"line":218,"column":5}},"type":"if","locations":[{"start":{"line":209,"column":11},"end":{"line":218,"column":5}}]}},"s":{"0":0,"1":0,"2":0,"3":0,"4":0,"5":0,"6":0,"7":0,"8":0,"9":0,"10":0,"11":0,"12":0,"13":0,"14":0,"15":0,"16":0,"17":0,"18":0,"19":0,"20":0,"21":0,"22":0,"23":0,"24":0,"25":0,"26":0,"27":0,"28":0,"29":0,"30":0,"31":0,"32":0,"33":0,"34":0,"35":0,"36":0,"37":0,"38":0,"39":0,"40":0,"41":0,"42":0,"43":0,"44":0,"45":0,"46":0,"47":0,"48":0,"49":0,"50":0,"51":0,"52":0,"53":0,"54":0,"55":0,"56":0,"57":0,"58":0,"59":0,"60":0,"61":0,"62":0,"63":0,"64":0,"65":0,"66":0,"67":0,"68":0,"69":0,"70":0,"71":0,"72":0,"73":0,"74":0,"75":0},"f":{"0":0},"b":{"0":[0],"1":[0,0],"2":[0],"3":[0],"4":[0],"5":[0],"6":[0],"7":[0,0],"8":[0,0],"9":[0],"10":[0],"11":[0,0],"12":[0,0],"13":[0,0],"14":[0,0],"15":[0,0],"16":[0,0],"17":[0,0],"18":[0,0],"19":[0,0],"20":[0]}}
,"Y:\\BugHuntr-4\\functions\\src\\functions\\reconcilePayouts.ts": {"path":"Y:\\BugHuntr-4\\functions\\src\\functions\\reconcilePayouts.ts","statementMap":{"0":{"start":{"line":10,"column":0},"end":{"line":10,"column":48}},"1":{"start":{"line":11,"column":0},"end":{"line":11,"column":40}},"2":{"start":{"line":12,"column":0},"end":{"line":12,"column":70}},"3":{"start":{"line":13,"column":0},"end":{"line":13,"column":57}},"4":{"start":{"line":14,"column":0},"end":{"line":14,"column":53}},"5":{"start":{"line":16,"column":11},"end":{"line":16,"column":28}},"6":{"start":{"line":23,"column":13},"end":{"line":231,"column":5}},"7":{"start":{"line":27,"column":4},"end":{"line":27,"column":60}},"8":{"start":{"line":29,"column":4},"end":{"line":230,"column":5}},"9":{"start":{"line":30,"column":30},"end":{"line":30,"column":57}},"10":{"start":{"line":33,"column":27},"end":{"line":33,"column":37}},"11":{"start":{"line":34,"column":6},"end":{"line":34,"column":55}},"12":{"start":{"line":35,"column":23},"end":{"line":35,"column":63}},"13":{"start":{"line":37,"column":31},"end":{"line":40,"column":8}},"14":{"start":{"line":42,"column":31},"end":{"line":42,"column":67}},"15":{"start":{"line":44,"column":6},"end":{"line":47,"column":9}},"16":{"start":{"line":50,"column":32},"end":{"line":53,"column":14}},"17":{"start":{"line":55,"column":31},"end":{"line":55,"column":40}},"18":{"start":{"line":56,"column":6},"end":{"line":58,"column":9}},"19":{"start":{"line":57,"column":8},"end":{"line":57,"column":49}},"20":{"start":{"line":60,"column":6},"end":{"line":62,"column":9}},"21":{"start":{"line":68,"column":28},"end":{"line":73,"column":8}},"22":{"start":{"line":76,"column":6},"end":{"line":151,"column":7}},"23":{"start":{"line":77,"column":25},"end":{"line":77,"column":49}},"24":{"start":{"line":78,"column":32},"end":{"line":78,"column":62}},"25":{"start":{"line":80,"column":8},"end":{"line":150,"column":9}},"26":{"start":{"line":82,"column":10},"end":{"line":82,"column":58}},"27":{"start":{"line":84,"column":10},"end":{"line":88,"column":13}},"28":{"start":{"line":92,"column":42},"end":{"line":92,"column":84}},"29":{"start":{"line":93,"column":34},"end":{"line":93,"column":56}},"30":{"start":{"line":95,"column":10},"end":{"line":146,"column":11}},"31":{"start":{"line":96,"column":12},"end":{"line":101,"column":15}},"32":{"start":{"line":103,"column":12},"end":{"line":108,"column":15}},"33":{"start":{"line":111,"column":12},"end":{"line":145,"column":13}},"34":{"start":{"line":112,"column":14},"end":{"line":124,"column":17}},"35":{"start":{"line":126,"column":14},"end":{"line":130,"column":15}},"36":{"start":{"line":127,"column":16},"end":{"line":129,"column":19}},"37":{"start":{"line":132,"column":14},"end":{"line":132,"column":52}},"38":{"start":{"line":134,"column":14},"end":{"line":138,"column":17}},"39":{"start":{"line":141,"column":14},"end":{"line":144,"column":17}},"40":{"start":{"line":149,"column":10},"end":{"line":149,"column":44}},"41":{"start":{"line":154,"column":6},"end":{"line":165,"column":9}},"42":{"start":{"line":156,"column":8},"end":{"line":164,"column":9}},"43":{"start":{"line":157,"column":10},"end":{"line":157,"column":58}},"44":{"start":{"line":159,"column":10},"end":{"line":163,"column":13}},"45":{"start":{"line":171,"column":21},"end":{"line":186,"column":8}},"46":{"start":{"line":188,"column":6},"end":{"line":188,"column":71}},"47":{"start":{"line":190,"column":6},"end":{"line":199,"column":9}},"48":{"start":{"line":201,"column":6},"end":{"line":203,"column":9}},"49":{"start":{"line":206,"column":6},"end":{"line":213,"column":7}},"50":{"start":{"line":208,"column":8},"end":{"line":211,"column":11}},"51":{"start":{"line":216,"column":6},"end":{"line":219,"column":9}},"52":{"start":{"line":221,"column":6},"end":{"line":227,"column":9}},"53":{"start":{"line":229,"column":6},"end":{"line":229,"column":18}}},"fnMap":{"0":{"name":"(anonymous_9)","decl":{"start":{"line":26,"column":9},"end":{"line":26,"column":14}},"loc":{"start":{"line":26,"column":27},"end":{"line":231,"column":3}}},"1":{"name":"(anonymous_10)","decl":{"start":{"line":56,"column":32},"end":{"line":56,"column":35}},"loc":{"start":{"line":56,"column":38},"end":{"line":58,"column":7}}},"2":{"name":"(anonymous_11)","decl":{"start":{"line":154,"column":31},"end":{"line":154,"column":32}},"loc":{"start":{"line":154,"column":52},"end":{"line":165,"column":7}}}},"branchMap":{"0":{"loc":{"start":{"line":42,"column":31},"end":{"line":42,"column":67}},"type":"binary-expr","locations":[{"start":{"line":42,"column":31},"end":{"line":42,"column":61}},{"start":{"line":42,"column":65},"end":{"line":42,"column":67}}]},"1":{"loc":{"start":{"line":42,"column":31},"end":{"line":42,"column":61}},"type":"cond-expr","locations":[{"start":{"line":42,"column":54},"end":{"line":42,"column":56}},{"start":{"line":42,"column":54},"end":{"line":42,"column":61}}]},"2":{"loc":{"start":{"line":42,"column":31},"end":{"line":42,"column":56}},"type":"binary-expr","locations":[{"start":{"line":42,"column":31},"end":{"line":42,"column":56}},{"start":{"line":42,"column":54},"end":{"line":42,"column":56}}]},"3":{"loc":{"start":{"line":80,"column":8},"end":{"line":150,"column":9}},"type":"if","locations":[{"start":{"line":80,"column":8},"end":{"line":150,"column":9}},{"start":{"line":90,"column":15},"end":{"line":150,"column":9}}]},"4":{"loc":{"start":{"line":95,"column":10},"end":{"line":146,"column":11}},"type":"if","locations":[{"start":{"line":95,"column":10},"end":{"line":146,"column":11}}]},"5":{"loc":{"start":{"line":126,"column":14},"end":{"line":130,"column":15}},"type":"if","locations":[{"start":{"line":126,"column":14},"end":{"line":130,"column":15}}]},"6":{"loc":{"start":{"line":126,"column":18},"end":{"line":126,"column":66}},"type":"binary-expr","locations":[{"start":{"line":126,"column":18},"end":{"line":126,"column":38}},{"start":{"line":126,"column":42},"end":{"line":126,"column":66}}]},"7":{"loc":{"start":{"line":156,"column":8},"end":{"line":164,"column":9}},"type":"if","locations":[{"start":{"line":156,"column":8},"end":{"line":164,"column":9}}]},"8":{"loc":{"start":{"line":195,"column":12},"end":{"line":197,"column":53}},"type":"binary-expr","locations":[{"start":{"line":195,"column":12},"end":{"line":195,"column":55}},{"start":{"line":196,"column":12},"end":{"line":196,"column":55}},{"start":{"line":197,"column":12},"end":{"line":197,"column":53}}]},"9":{"loc":{"start":{"line":206,"column":6},"end":{"line":213,"column":7}},"type":"if","locations":[{"start":{"line":206,"column":6},"end":{"line":213,"column":7}}]},"10":{"loc":{"start":{"line":206,"column":10},"end":{"line":207,"column":53}},"type":"binary-expr","locations":[{"start":{"line":206,"column":10},"end":{"line":206,"column":53}},{"start":{"line":207,"column":10},"end":{"line":207,"column":53}}]}},"s":{"0":0,"1":0,"2":0,"3":0,"4":0,"5":0,"6":0,"7":0,"8":0,"9":0,"10":0,"11":0,"12":0,"13":0,"14":0,"15":0,"16":0,"17":0,"18":0,"19":0,"20":0,"21":0,"22":0,"23":0,"24":0,"25":0,"26":0,"27":0,"28":0,"29":0,"30":0,"31":0,"32":0,"33":0,"34":0,"35":0,"36":0,"37":0,"38":0,"39":0,"40":0,"41":0,"42":0,"43":0,"44":0,"45":0,"46":0,"47":0,"48":0,"49":0,"50":0,"51":0,"52":0,"53":0},"f":{"0":0,"1":0,"2":0},"b":{"0":[0,0],"1":[0,0],"2":[0,0],"3":[0,0],"4":[0],"5":[0],"6":[0,0],"7":[0],"8":[0,0,0],"9":[0],"10":[0,0]}}
,"Y:\\BugHuntr-4\\functions\\src\\utils\\cryptomus-client.ts": {"path":"Y:\\BugHuntr-4\\functions\\src\\utils\\cryptomus-client.ts","statementMap":{"0":{"start":{"line":263,"column":0},"end":{"line":263,"column":16}},"1":{"start":{"line":13,"column":0},"end":{"line":13,"column":33}},"2":{"start":{"line":14,"column":0},"end":{"line":14,"column":45}},"3":{"start":{"line":15,"column":0},"end":{"line":15,"column":48}},"4":{"start":{"line":18,"column":27},"end":{"line":18,"column":57}},"5":{"start":{"line":19,"column":31},"end":{"line":19,"column":61}},"6":{"start":{"line":32,"column":4},"end":{"line":32,"column":25}},"7":{"start":{"line":34,"column":4},"end":{"line":40,"column":7}},"8":{"start":{"line":59,"column":4},"end":{"line":78,"column":5}},"9":{"start":{"line":60,"column":25},"end":{"line":60,"column":48}},"10":{"start":{"line":61,"column":28},"end":{"line":61,"column":70}},"11":{"start":{"line":62,"column":29},"end":{"line":62,"column":69}},"12":{"start":{"line":64,"column":24},"end":{"line":67,"column":22}},"13":{"start":{"line":69,"column":6},"end":{"line":72,"column":9}},"14":{"start":{"line":74,"column":6},"end":{"line":74,"column":23}},"15":{"start":{"line":76,"column":6},"end":{"line":76,"column":65}},"16":{"start":{"line":77,"column":6},"end":{"line":77,"column":58}},"17":{"start":{"line":92,"column":4},"end":{"line":110,"column":5}},"18":{"start":{"line":94,"column":23},"end":{"line":94,"column":40}},"19":{"start":{"line":95,"column":6},"end":{"line":95,"column":30}},"20":{"start":{"line":97,"column":32},"end":{"line":97,"column":61}},"21":{"start":{"line":98,"column":22},"end":{"line":98,"column":61}},"22":{"start":{"line":100,"column":6},"end":{"line":104,"column":9}},"23":{"start":{"line":106,"column":6},"end":{"line":106,"column":21}},"24":{"start":{"line":108,"column":6},"end":{"line":108,"column":77}},"25":{"start":{"line":109,"column":6},"end":{"line":109,"column":19}},"26":{"start":{"line":127,"column":4},"end":{"line":172,"column":5}},"27":{"start":{"line":128,"column":19},"end":{"line":134,"column":null}},"28":{"start":{"line":137,"column":24},"end":{"line":137,"column":49}},"29":{"start":{"line":139,"column":6},"end":{"line":144,"column":9}},"30":{"start":{"line":146,"column":23},"end":{"line":151,"column":8}},"31":{"start":{"line":153,"column":6},"end":{"line":157,"column":9}},"32":{"start":{"line":159,"column":6},"end":{"line":159,"column":27}},"33":{"start":{"line":161,"column":6},"end":{"line":165,"column":9}},"34":{"start":{"line":167,"column":6},"end":{"line":171,"column":8}},"35":{"start":{"line":188,"column":4},"end":{"line":222,"column":5}},"36":{"start":{"line":189,"column":19},"end":{"line":193,"column":null}},"37":{"start":{"line":196,"column":24},"end":{"line":196,"column":49}},"38":{"start":{"line":198,"column":6},"end":{"line":198,"column":73}},"39":{"start":{"line":200,"column":23},"end":{"line":205,"column":8}},"40":{"start":{"line":207,"column":6},"end":{"line":209,"column":9}},"41":{"start":{"line":211,"column":6},"end":{"line":211,"column":27}},"42":{"start":{"line":213,"column":6},"end":{"line":215,"column":9}},"43":{"start":{"line":217,"column":6},"end":{"line":221,"column":8}},"44":{"start":{"line":232,"column":4},"end":{"line":255,"column":5}},"45":{"start":{"line":233,"column":22},"end":{"line":233,"column":30}},"46":{"start":{"line":234,"column":24},"end":{"line":234,"column":49}},"47":{"start":{"line":236,"column":23},"end":{"line":241,"column":8}},"48":{"start":{"line":243,"column":6},"end":{"line":243,"column":27}},"49":{"start":{"line":245,"column":6},"end":{"line":248,"column":9}},"50":{"start":{"line":250,"column":6},"end":{"line":254,"column":8}},"51":{"start":{"line":27,"column":0},"end":{"line":27,"column":13}},"52":{"start":{"line":265,"column":17},"end":{"line":265,"column":45}},"53":{"start":{"line":267,"column":2},"end":{"line":272,"column":3}},"54":{"start":{"line":268,"column":4},"end":{"line":271,"column":6}},"55":{"start":{"line":274,"column":2},"end":{"line":278,"column":5}}},"fnMap":{"0":{"name":"(anonymous_10)","decl":{"start":{"line":31,"column":2},"end":{"line":31,"column":14}},"loc":{"start":{"line":31,"column":37},"end":{"line":41,"column":3}}},"1":{"name":"(anonymous_11)","decl":{"start":{"line":58,"column":2},"end":{"line":58,"column":13}},"loc":{"start":{"line":58,"column":26},"end":{"line":79,"column":3}}},"2":{"name":"(anonymous_12)","decl":{"start":{"line":91,"column":2},"end":{"line":91,"column":24}},"loc":{"start":{"line":91,"column":64},"end":{"line":111,"column":3}}},"3":{"name":"(anonymous_13)","decl":{"start":{"line":119,"column":2},"end":{"line":119,"column":7}},"loc":{"start":{"line":126,"column":3},"end":{"line":173,"column":3}}},"4":{"name":"(anonymous_14)","decl":{"start":{"line":182,"column":2},"end":{"line":182,"column":7}},"loc":{"start":{"line":187,"column":3},"end":{"line":223,"column":3}}},"5":{"name":"(anonymous_15)","decl":{"start":{"line":231,"column":2},"end":{"line":231,"column":7}},"loc":{"start":{"line":231,"column":37},"end":{"line":256,"column":3}}},"6":{"name":"initializeCryptomusClient","decl":{"start":{"line":263,"column":16},"end":{"line":263,"column":41}},"loc":{"start":{"line":263,"column":41},"end":{"line":279,"column":1}}}},"branchMap":{"0":{"loc":{"start":{"line":35,"column":15},"end":{"line":35,"column":78}},"type":"cond-expr","locations":[{"start":{"line":35,"column":35},"end":{"line":35,"column":57}},{"start":{"line":35,"column":60},"end":{"line":35,"column":78}}]},"1":{"loc":{"start":{"line":134,"column":12},"end":{"line":134,"column":72}},"type":"binary-expr","locations":[{"start":{"line":134,"column":12},"end":{"line":134,"column":31}},{"start":{"line":134,"column":35},"end":{"line":134,"column":72}}]},"2":{"loc":{"start":{"line":155,"column":14},"end":{"line":155,"column":41}},"type":"cond-expr","locations":[{"start":{"line":155,"column":35},"end":{"line":155,"column":37}},{"start":{"line":155,"column":35},"end":{"line":155,"column":41}}]},"3":{"loc":{"start":{"line":155,"column":14},"end":{"line":155,"column":37}},"type":"binary-expr","locations":[{"start":{"line":155,"column":14},"end":{"line":155,"column":37}},{"start":{"line":155,"column":35},"end":{"line":155,"column":37}}]},"4":{"loc":{"start":{"line":155,"column":14},"end":{"line":155,"column":35}},"type":"cond-expr","locations":[{"start":{"line":155,"column":27},"end":{"line":155,"column":29}},{"start":{"line":155,"column":27},"end":{"line":155,"column":35}}]},"5":{"loc":{"start":{"line":155,"column":14},"end":{"line":155,"column":29}},"type":"binary-expr","locations":[{"start":{"line":155,"column":14},"end":{"line":155,"column":29}},{"start":{"line":155,"column":27},"end":{"line":155,"column":29}}]},"6":{"loc":{"start":{"line":156,"column":16},"end":{"line":156,"column":45}},"type":"cond-expr","locations":[{"start":{"line":156,"column":37},"end":{"line":156,"column":39}},{"start":{"line":156,"column":37},"end":{"line":156,"column":45}}]},"7":{"loc":{"start":{"line":156,"column":16},"end":{"line":156,"column":39}},"type":"binary-expr","locations":[{"start":{"line":156,"column":16},"end":{"line":156,"column":39}},{"start":{"line":156,"column":37},"end":{"line":156,"column":39}}]},"8":{"loc":{"start":{"line":156,"column":16},"end":{"line":156,"column":37}},"type":"cond-expr","locations":[{"start":{"line":156,"column":29},"end":{"line":156,"column":31}},{"start":{"line":156,"column":29},"end":{"line":156,"column":37}}]},"9":{"loc":{"start":{"line":156,"column":16},"end":{"line":156,"column":31}},"type":"binary-expr","locations":[{"start":{"line":156,"column":16},"end":{"line":156,"column":31}},{"start":{"line":156,"column":29},"end":{"line":156,"column":31}}]},"10":{"loc":{"start":{"line":163,"column":15},"end":{"line":163,"column":52}},"type":"binary-expr","locations":[{"start":{"line":163,"column":15},"end":{"line":163,"column":35}},{"start":{"line":163,"column":39},"end":{"line":163,"column":52}}]},"11":{"loc":{"start":{"line":163,"column":15},"end":{"line":163,"column":35}},"type":"cond-expr","locations":[{"start":{"line":163,"column":29},"end":{"line":163,"column":31}},{"start":{"line":163,"column":29},"end":{"line":163,"column":35}}]},"12":{"loc":{"start":{"line":163,"column":15},"end":{"line":163,"column":31}},"type":"binary-expr","locations":[{"start":{"line":163,"column":15},"end":{"line":163,"column":31}},{"start":{"line":163,"column":29},"end":{"line":163,"column":31}}]},"13":{"loc":{"start":{"line":164,"column":16},"end":{"line":164,"column":38}},"type":"cond-expr","locations":[{"start":{"line":164,"column":30},"end":{"line":164,"column":32}},{"start":{"line":164,"column":30},"end":{"line":164,"column":38}}]},"14":{"loc":{"start":{"line":164,"column":16},"end":{"line":164,"column":32}},"type":"binary-expr","locations":[{"start":{"line":164,"column":16},"end":{"line":164,"column":32}},{"start":{"line":164,"column":30},"end":{"line":164,"column":32}}]},"15":{"loc":{"start":{"line":168,"column":14},"end":{"line":168,"column":49}},"type":"binary-expr","locations":[{"start":{"line":168,"column":14},"end":{"line":168,"column":36}},{"start":{"line":168,"column":40},"end":{"line":168,"column":49}}]},"16":{"loc":{"start":{"line":168,"column":14},"end":{"line":168,"column":36}},"type":"cond-expr","locations":[{"start":{"line":168,"column":28},"end":{"line":168,"column":30}},{"start":{"line":168,"column":28},"end":{"line":168,"column":36}}]},"17":{"loc":{"start":{"line":168,"column":14},"end":{"line":168,"column":30}},"type":"binary-expr","locations":[{"start":{"line":168,"column":14},"end":{"line":168,"column":30}},{"start":{"line":168,"column":28},"end":{"line":168,"column":30}}]},"18":{"loc":{"start":{"line":169,"column":17},"end":{"line":169,"column":63}},"type":"binary-expr","locations":[{"start":{"line":169,"column":17},"end":{"line":169,"column":46}},{"start":{"line":169,"column":50},"end":{"line":169,"column":63}}]},"19":{"loc":{"start":{"line":169,"column":17},"end":{"line":169,"column":46}},"type":"cond-expr","locations":[{"start":{"line":169,"column":37},"end":{"line":169,"column":39}},{"start":{"line":169,"column":37},"end":{"line":169,"column":46}}]},"20":{"loc":{"start":{"line":169,"column":17},"end":{"line":169,"column":39}},"type":"binary-expr","locations":[{"start":{"line":169,"column":17},"end":{"line":169,"column":39}},{"start":{"line":169,"column":37},"end":{"line":169,"column":39}}]},"21":{"loc":{"start":{"line":169,"column":17},"end":{"line":169,"column":37}},"type":"cond-expr","locations":[{"start":{"line":169,"column":31},"end":{"line":169,"column":33}},{"start":{"line":169,"column":31},"end":{"line":169,"column":37}}]},"22":{"loc":{"start":{"line":169,"column":17},"end":{"line":169,"column":33}},"type":"binary-expr","locations":[{"start":{"line":169,"column":17},"end":{"line":169,"column":33}},{"start":{"line":169,"column":31},"end":{"line":169,"column":33}}]},"23":{"loc":{"start":{"line":170,"column":17},"end":{"line":170,"column":37}},"type":"cond-expr","locations":[{"start":{"line":170,"column":31},"end":{"line":170,"column":33}},{"start":{"line":170,"column":31},"end":{"line":170,"column":37}}]},"24":{"loc":{"start":{"line":170,"column":17},"end":{"line":170,"column":33}},"type":"binary-expr","locations":[{"start":{"line":170,"column":17},"end":{"line":170,"column":33}},{"start":{"line":170,"column":31},"end":{"line":170,"column":33}}]},"25":{"loc":{"start":{"line":190,"column":12},"end":{"line":190,"column":64}},"type":"binary-expr","locations":[{"start":{"line":190,"column":12},"end":{"line":190,"column":29}},{"start":{"line":190,"column":33},"end":{"line":190,"column":64}}]},"26":{"loc":{"start":{"line":190,"column":12},"end":{"line":190,"column":29}},"type":"cond-expr","locations":[{"start":{"line":190,"column":18},"end":{"line":190,"column":20}},{"start":{"line":190,"column":12},"end":{"line":190,"column":29}}]},"27":{"loc":{"start":{"line":190,"column":12},"end":{"line":190,"column":20}},"type":"binary-expr","locations":[{"start":{"line":190,"column":12},"end":{"line":190,"column":20}},{"start":{"line":190,"column":12},"end":{"line":190,"column":20}}]},"28":{"loc":{"start":{"line":191,"column":12},"end":{"line":191,"column":58}},"type":"binary-expr","locations":[{"start":{"line":191,"column":12},"end":{"line":191,"column":27}},{"start":{"line":191,"column":31},"end":{"line":191,"column":58}}]},"29":{"loc":{"start":{"line":191,"column":12},"end":{"line":191,"column":27}},"type":"cond-expr","locations":[{"start":{"line":191,"column":18},"end":{"line":191,"column":20}},{"start":{"line":191,"column":12},"end":{"line":191,"column":27}}]},"30":{"loc":{"start":{"line":191,"column":12},"end":{"line":191,"column":20}},"type":"binary-expr","locations":[{"start":{"line":191,"column":12},"end":{"line":191,"column":20}},{"start":{"line":191,"column":12},"end":{"line":191,"column":20}}]},"31":{"loc":{"start":{"line":192,"column":14},"end":{"line":192,"column":31}},"type":"binary-expr","locations":[{"start":{"line":192,"column":14},"end":{"line":192,"column":26}},{"start":{"line":192,"column":30},"end":{"line":192,"column":31}}]},"32":{"loc":{"start":{"line":192,"column":14},"end":{"line":192,"column":26}},"type":"cond-expr","locations":[{"start":{"line":192,"column":20},"end":{"line":192,"column":22}},{"start":{"line":192,"column":14},"end":{"line":192,"column":26}}]},"33":{"loc":{"start":{"line":192,"column":14},"end":{"line":192,"column":22}},"type":"binary-expr","locations":[{"start":{"line":192,"column":14},"end":{"line":192,"column":22}},{"start":{"line":192,"column":14},"end":{"line":192,"column":22}}]},"34":{"loc":{"start":{"line":193,"column":15},"end":{"line":193,"column":35}},"type":"binary-expr","locations":[{"start":{"line":193,"column":15},"end":{"line":193,"column":28}},{"start":{"line":193,"column":32},"end":{"line":193,"column":35}}]},"35":{"loc":{"start":{"line":193,"column":15},"end":{"line":193,"column":28}},"type":"cond-expr","locations":[{"start":{"line":193,"column":21},"end":{"line":193,"column":23}},{"start":{"line":193,"column":15},"end":{"line":193,"column":28}}]},"36":{"loc":{"start":{"line":193,"column":15},"end":{"line":193,"column":23}},"type":"binary-expr","locations":[{"start":{"line":193,"column":15},"end":{"line":193,"column":23}},{"start":{"line":193,"column":15},"end":{"line":193,"column":23}}]},"37":{"loc":{"start":{"line":208,"column":15},"end":{"line":208,"column":56}},"type":"binary-expr","locations":[{"start":{"line":208,"column":15},"end":{"line":208,"column":51}},{"start":{"line":208,"column":55},"end":{"line":208,"column":56}}]},"38":{"loc":{"start":{"line":208,"column":15},"end":{"line":208,"column":51}},"type":"cond-expr","locations":[{"start":{"line":208,"column":43},"end":{"line":208,"column":45}},{"start":{"line":208,"column":43},"end":{"line":208,"column":51}}]},"39":{"loc":{"start":{"line":208,"column":15},"end":{"line":208,"column":45}},"type":"binary-expr","locations":[{"start":{"line":208,"column":15},"end":{"line":208,"column":45}},{"start":{"line":208,"column":43},"end":{"line":208,"column":45}}]},"40":{"loc":{"start":{"line":208,"column":15},"end":{"line":208,"column":43}},"type":"cond-expr","locations":[{"start":{"line":208,"column":36},"end":{"line":208,"column":38}},{"start":{"line":208,"column":36},"end":{"line":208,"column":43}}]},"41":{"loc":{"start":{"line":208,"column":15},"end":{"line":208,"column":38}},"type":"binary-expr","locations":[{"start":{"line":208,"column":15},"end":{"line":208,"column":38}},{"start":{"line":208,"column":36},"end":{"line":208,"column":38}}]},"42":{"loc":{"start":{"line":208,"column":15},"end":{"line":208,"column":36}},"type":"cond-expr","locations":[{"start":{"line":208,"column":28},"end":{"line":208,"column":30}},{"start":{"line":208,"column":28},"end":{"line":208,"column":36}}]},"43":{"loc":{"start":{"line":208,"column":15},"end":{"line":208,"column":30}},"type":"binary-expr","locations":[{"start":{"line":208,"column":15},"end":{"line":208,"column":30}},{"start":{"line":208,"column":28},"end":{"line":208,"column":30}}]},"44":{"loc":{"start":{"line":214,"column":15},"end":{"line":214,"column":52}},"type":"binary-expr","locations":[{"start":{"line":214,"column":15},"end":{"line":214,"column":35}},{"start":{"line":214,"column":39},"end":{"line":214,"column":52}}]},"45":{"loc":{"start":{"line":214,"column":15},"end":{"line":214,"column":35}},"type":"cond-expr","locations":[{"start":{"line":214,"column":29},"end":{"line":214,"column":31}},{"start":{"line":214,"column":29},"end":{"line":214,"column":35}}]},"46":{"loc":{"start":{"line":214,"column":15},"end":{"line":214,"column":31}},"type":"binary-expr","locations":[{"start":{"line":214,"column":15},"end":{"line":214,"column":31}},{"start":{"line":214,"column":29},"end":{"line":214,"column":31}}]},"47":{"loc":{"start":{"line":218,"column":14},"end":{"line":218,"column":49}},"type":"binary-expr","locations":[{"start":{"line":218,"column":14},"end":{"line":218,"column":36}},{"start":{"line":218,"column":40},"end":{"line":218,"column":49}}]},"48":{"loc":{"start":{"line":218,"column":14},"end":{"line":218,"column":36}},"type":"cond-expr","locations":[{"start":{"line":218,"column":28},"end":{"line":218,"column":30}},{"start":{"line":218,"column":28},"end":{"line":218,"column":36}}]},"49":{"loc":{"start":{"line":218,"column":14},"end":{"line":218,"column":30}},"type":"binary-expr","locations":[{"start":{"line":218,"column":14},"end":{"line":218,"column":30}},{"start":{"line":218,"column":28},"end":{"line":218,"column":30}}]},"50":{"loc":{"start":{"line":219,"column":17},"end":{"line":219,"column":63}},"type":"binary-expr","locations":[{"start":{"line":219,"column":17},"end":{"line":219,"column":46}},{"start":{"line":219,"column":50},"end":{"line":219,"column":63}}]},"51":{"loc":{"start":{"line":219,"column":17},"end":{"line":219,"column":46}},"type":"cond-expr","locations":[{"start":{"line":219,"column":37},"end":{"line":219,"column":39}},{"start":{"line":219,"column":37},"end":{"line":219,"column":46}}]},"52":{"loc":{"start":{"line":219,"column":17},"end":{"line":219,"column":39}},"type":"binary-expr","locations":[{"start":{"line":219,"column":17},"end":{"line":219,"column":39}},{"start":{"line":219,"column":37},"end":{"line":219,"column":39}}]},"53":{"loc":{"start":{"line":219,"column":17},"end":{"line":219,"column":37}},"type":"cond-expr","locations":[{"start":{"line":219,"column":31},"end":{"line":219,"column":33}},{"start":{"line":219,"column":31},"end":{"line":219,"column":37}}]},"54":{"loc":{"start":{"line":219,"column":17},"end":{"line":219,"column":33}},"type":"binary-expr","locations":[{"start":{"line":219,"column":17},"end":{"line":219,"column":33}},{"start":{"line":219,"column":31},"end":{"line":219,"column":33}}]},"55":{"loc":{"start":{"line":220,"column":17},"end":{"line":220,"column":37}},"type":"cond-expr","locations":[{"start":{"line":220,"column":31},"end":{"line":220,"column":33}},{"start":{"line":220,"column":31},"end":{"line":220,"column":37}}]},"56":{"loc":{"start":{"line":220,"column":17},"end":{"line":220,"column":33}},"type":"binary-expr","locations":[{"start":{"line":220,"column":17},"end":{"line":220,"column":33}},{"start":{"line":220,"column":31},"end":{"line":220,"column":33}}]},"57":{"loc":{"start":{"line":247,"column":15},"end":{"line":247,"column":52}},"type":"binary-expr","locations":[{"start":{"line":247,"column":15},"end":{"line":247,"column":35}},{"start":{"line":247,"column":39},"end":{"line":247,"column":52}}]},"58":{"loc":{"start":{"line":247,"column":15},"end":{"line":247,"column":35}},"type":"cond-expr","locations":[{"start":{"line":247,"column":29},"end":{"line":247,"column":31}},{"start":{"line":247,"column":29},"end":{"line":247,"column":35}}]},"59":{"loc":{"start":{"line":247,"column":15},"end":{"line":247,"column":31}},"type":"binary-expr","locations":[{"start":{"line":247,"column":15},"end":{"line":247,"column":31}},{"start":{"line":247,"column":29},"end":{"line":247,"column":31}}]},"60":{"loc":{"start":{"line":251,"column":14},"end":{"line":251,"column":49}},"type":"binary-expr","locations":[{"start":{"line":251,"column":14},"end":{"line":251,"column":36}},{"start":{"line":251,"column":40},"end":{"line":251,"column":49}}]},"61":{"loc":{"start":{"line":251,"column":14},"end":{"line":251,"column":36}},"type":"cond-expr","locations":[{"start":{"line":251,"column":28},"end":{"line":251,"column":30}},{"start":{"line":251,"column":28},"end":{"line":251,"column":36}}]},"62":{"loc":{"start":{"line":251,"column":14},"end":{"line":251,"column":30}},"type":"binary-expr","locations":[{"start":{"line":251,"column":14},"end":{"line":251,"column":30}},{"start":{"line":251,"column":28},"end":{"line":251,"column":30}}]},"63":{"loc":{"start":{"line":252,"column":17},"end":{"line":252,"column":63}},"type":"binary-expr","locations":[{"start":{"line":252,"column":17},"end":{"line":252,"column":46}},{"start":{"line":252,"column":50},"end":{"line":252,"column":63}}]},"64":{"loc":{"start":{"line":252,"column":17},"end":{"line":252,"column":46}},"type":"cond-expr","locations":[{"start":{"line":252,"column":37},"end":{"line":252,"column":39}},{"start":{"line":252,"column":37},"end":{"line":252,"column":46}}]},"65":{"loc":{"start":{"line":252,"column":17},"end":{"line":252,"column":39}},"type":"binary-expr","locations":[{"start":{"line":252,"column":17},"end":{"line":252,"column":39}},{"start":{"line":252,"column":37},"end":{"line":252,"column":39}}]},"66":{"loc":{"start":{"line":252,"column":17},"end":{"line":252,"column":37}},"type":"cond-expr","locations":[{"start":{"line":252,"column":31},"end":{"line":252,"column":33}},{"start":{"line":252,"column":31},"end":{"line":252,"column":37}}]},"67":{"loc":{"start":{"line":252,"column":17},"end":{"line":252,"column":33}},"type":"binary-expr","locations":[{"start":{"line":252,"column":17},"end":{"line":252,"column":33}},{"start":{"line":252,"column":31},"end":{"line":252,"column":33}}]},"68":{"loc":{"start":{"line":253,"column":17},"end":{"line":253,"column":37}},"type":"cond-expr","locations":[{"start":{"line":253,"column":31},"end":{"line":253,"column":33}},{"start":{"line":253,"column":31},"end":{"line":253,"column":37}}]},"69":{"loc":{"start":{"line":253,"column":17},"end":{"line":253,"column":33}},"type":"binary-expr","locations":[{"start":{"line":253,"column":17},"end":{"line":253,"column":33}},{"start":{"line":253,"column":31},"end":{"line":253,"column":33}}]},"70":{"loc":{"start":{"line":267,"column":2},"end":{"line":272,"column":3}},"type":"if","locations":[{"start":{"line":267,"column":2},"end":{"line":272,"column":3}}]},"71":{"loc":{"start":{"line":267,"column":6},"end":{"line":267,"column":51}},"type":"binary-expr","locations":[{"start":{"line":267,"column":6},"end":{"line":267,"column":30}},{"start":{"line":267,"column":30},"end":{"line":267,"column":51}}]},"72":{"loc":{"start":{"line":267,"column":7},"end":{"line":267,"column":26}},"type":"cond-expr","locations":[{"start":{"line":267,"column":13},"end":{"line":267,"column":15}},{"start":{"line":267,"column":7},"end":{"line":267,"column":26}}]},"73":{"loc":{"start":{"line":267,"column":7},"end":{"line":267,"column":15}},"type":"binary-expr","locations":[{"start":{"line":267,"column":7},"end":{"line":267,"column":15}},{"start":{"line":267,"column":7},"end":{"line":267,"column":15}}]},"74":{"loc":{"start":{"line":267,"column":31},"end":{"line":267,"column":49}},"type":"cond-expr","locations":[{"start":{"line":267,"column":37},"end":{"line":267,"column":39}},{"start":{"line":267,"column":31},"end":{"line":267,"column":49}}]},"75":{"loc":{"start":{"line":267,"column":31},"end":{"line":267,"column":39}},"type":"binary-expr","locations":[{"start":{"line":267,"column":31},"end":{"line":267,"column":39}},{"start":{"line":267,"column":31},"end":{"line":267,"column":39}}]}},"s":{"0":1,"1":1,"2":1,"3":1,"4":1,"5":1,"6":7,"7":7,"8":13,"9":13,"10":13,"11":13,"12":13,"13":13,"14":13,"15":0,"16":0,"17":3,"18":3,"19":3,"20":3,"21":3,"22":3,"23":3,"24":0,"25":0,"26":0,"27":0,"28":0,"29":0,"30":0,"31":0,"32":0,"33":0,"34":0,"35":0,"36":0,"37":0,"38":0,"39":0,"40":0,"41":0,"42":0,"43":0,"44":0,"45":0,"46":0,"47":0,"48":0,"49":0,"50":0,"51":1,"52":0,"53":0,"54":0,"55":0},"f":{"0":7,"1":13,"2":3,"3":0,"4":0,"5":0,"6":0},"b":{"0":[7,0],"1":[0,0],"2":[0,0],"3":[0,0],"4":[0,0],"5":[0,0],"6":[0,0],"7":[0,0],"8":[0,0],"9":[0,0],"10":[0,0],"11":[0,0],"12":[0,0],"13":[0,0],"14":[0,0],"15":[0,0],"16":[0,0],"17":[0,0],"18":[0,0],"19":[0,0],"20":[0,0],"21":[0,0],"22":[0,0],"23":[0,0],"24":[0,0],"25":[0,0],"26":[0,0],"27":[0,0],"28":[0,0],"29":[0,0],"30":[0,0],"31":[0,0],"32":[0,0],"33":[0,0],"34":[0,0],"35":[0,0],"36":[0,0],"37":[0,0],"38":[0,0],"39":[0,0],"40":[0,0],"41":[0,0],"42":[0,0],"43":[0,0],"44":[0,0],"45":[0,0],"46":[0,0],"47":[0,0],"48":[0,0],"49":[0,0],"50":[0,0],"51":[0,0],"52":[0,0],"53":[0,0],"54":[0,0],"55":[0,0],"56":[0,0],"57":[0,0],"58":[0,0],"59":[0,0],"60":[0,0],"61":[0,0],"62":[0,0],"63":[0,0],"64":[0,0],"65":[0,0],"66":[0,0],"67":[0,0],"68":[0,0],"69":[0,0],"70":[0],"71":[0,0],"72":[0,0],"73":[0,0],"74":[0,0],"75":[0,0]}}
,"Y:\\BugHuntr-4\\functions\\src\\utils\\firestore.ts": {"path":"Y:\\BugHuntr-4\\functions\\src\\utils\\firestore.ts","statementMap":{"0":{"start":{"line":25,"column":0},"end":{"line":25,"column":7}},"1":{"start":{"line":90,"column":0},"end":{"line":90,"column":7}},"2":{"start":{"line":126,"column":0},"end":{"line":126,"column":7}},"3":{"start":{"line":162,"column":0},"end":{"line":162,"column":7}},"4":{"start":{"line":206,"column":0},"end":{"line":206,"column":7}},"5":{"start":{"line":232,"column":0},"end":{"line":232,"column":7}},"6":{"start":{"line":8,"column":0},"end":{"line":8,"column":40}},"7":{"start":{"line":9,"column":0},"end":{"line":9,"column":48}},"8":{"start":{"line":11,"column":11},"end":{"line":11,"column":28}},"9":{"start":{"line":29,"column":20},"end":{"line":29,"column":59}},"10":{"start":{"line":31,"column":2},"end":{"line":81,"column":3}},"11":{"start":{"line":32,"column":19},"end":{"line":55,"column":6}},"12":{"start":{"line":33,"column":24},"end":{"line":33,"column":56}},"13":{"start":{"line":35,"column":6},"end":{"line":37,"column":7}},"14":{"start":{"line":36,"column":8},"end":{"line":36,"column":44}},"15":{"start":{"line":39,"column":21},"end":{"line":39,"column":37}},"16":{"start":{"line":40,"column":22},"end":{"line":40,"column":42}},"17":{"start":{"line":41,"column":23},"end":{"line":41,"column":44}},"18":{"start":{"line":42,"column":24},"end":{"line":42,"column":42}},"19":{"start":{"line":44,"column":6},"end":{"line":46,"column":7}},"20":{"start":{"line":45,"column":8},"end":{"line":45,"column":59}},"21":{"start":{"line":49,"column":6},"end":{"line":52,"column":9}},"22":{"start":{"line":54,"column":6},"end":{"line":54,"column":59}},"23":{"start":{"line":57,"column":4},"end":{"line":62,"column":7}},"24":{"start":{"line":64,"column":4},"end":{"line":64,"column":65}},"25":{"start":{"line":66,"column":4},"end":{"line":68,"column":5}},"26":{"start":{"line":67,"column":6},"end":{"line":67,"column":72}},"27":{"start":{"line":70,"column":4},"end":{"line":77,"column":5}},"28":{"start":{"line":71,"column":24},"end":{"line":71,"column":63}},"29":{"start":{"line":72,"column":6},"end":{"line":76,"column":8}},"30":{"start":{"line":79,"column":4},"end":{"line":79,"column":78}},"31":{"start":{"line":80,"column":4},"end":{"line":80,"column":64}},"32":{"start":{"line":94,"column":20},"end":{"line":94,"column":59}},"33":{"start":{"line":96,"column":2},"end":{"line":115,"column":3}},"34":{"start":{"line":97,"column":4},"end":{"line":109,"column":7}},"35":{"start":{"line":98,"column":24},"end":{"line":98,"column":56}},"36":{"start":{"line":100,"column":6},"end":{"line":102,"column":7}},"37":{"start":{"line":101,"column":8},"end":{"line":101,"column":44}},"38":{"start":{"line":105,"column":6},"end":{"line":108,"column":9}},"39":{"start":{"line":111,"column":4},"end":{"line":111,"column":72}},"40":{"start":{"line":113,"column":4},"end":{"line":113,"column":87}},"41":{"start":{"line":114,"column":4},"end":{"line":114,"column":16}},"42":{"start":{"line":130,"column":20},"end":{"line":130,"column":59}},"43":{"start":{"line":132,"column":2},"end":{"line":152,"column":3}},"44":{"start":{"line":133,"column":4},"end":{"line":146,"column":7}},"45":{"start":{"line":134,"column":24},"end":{"line":134,"column":56}},"46":{"start":{"line":136,"column":6},"end":{"line":138,"column":7}},"47":{"start":{"line":137,"column":8},"end":{"line":137,"column":44}},"48":{"start":{"line":141,"column":6},"end":{"line":145,"column":9}},"49":{"start":{"line":148,"column":4},"end":{"line":148,"column":75}},"50":{"start":{"line":150,"column":4},"end":{"line":150,"column":90}},"51":{"start":{"line":151,"column":4},"end":{"line":151,"column":16}},"52":{"start":{"line":171,"column":20},"end":{"line":171,"column":59}},"53":{"start":{"line":173,"column":2},"end":{"line":198,"column":3}},"54":{"start":{"line":174,"column":4},"end":{"line":192,"column":7}},"55":{"start":{"line":175,"column":24},"end":{"line":175,"column":56}},"56":{"start":{"line":177,"column":6},"end":{"line":179,"column":7}},"57":{"start":{"line":178,"column":8},"end":{"line":178,"column":44}},"58":{"start":{"line":181,"column":6},"end":{"line":191,"column":9}},"59":{"start":{"line":194,"column":4},"end":{"line":194,"column":81}},"60":{"start":{"line":196,"column":4},"end":{"line":196,"column":86}},"61":{"start":{"line":197,"column":4},"end":{"line":197,"column":16}},"62":{"start":{"line":214,"column":2},"end":{"line":222,"column":3}},"63":{"start":{"line":215,"column":4},"end":{"line":218,"column":7}},"64":{"start":{"line":220,"column":4},"end":{"line":220,"column":76}},"65":{"start":{"line":237,"column":2},"end":{"line":249,"column":3}},"66":{"start":{"line":238,"column":4},"end":{"line":244,"column":7}},"67":{"start":{"line":246,"column":4},"end":{"line":246,"column":93}},"68":{"start":{"line":248,"column":4},"end":{"line":248,"column":72}}},"fnMap":{"0":{"name":"reserveWalletFunds","decl":{"start":{"line":25,"column":22},"end":{"line":25,"column":40}},"loc":{"start":{"line":27,"column":16},"end":{"line":82,"column":1}}},"1":{"name":"(anonymous_10)","decl":{"start":{"line":32,"column":43},"end":{"line":32,"column":48}},"loc":{"start":{"line":32,"column":65},"end":{"line":55,"column":5}}},"2":{"name":"releaseReservedFunds","decl":{"start":{"line":90,"column":22},"end":{"line":90,"column":42}},"loc":{"start":{"line":92,"column":16},"end":{"line":116,"column":1}}},"3":{"name":"(anonymous_12)","decl":{"start":{"line":97,"column":28},"end":{"line":97,"column":33}},"loc":{"start":{"line":97,"column":50},"end":{"line":109,"column":5}}},"4":{"name":"completePayoutDeduction","decl":{"start":{"line":126,"column":22},"end":{"line":126,"column":45}},"loc":{"start":{"line":128,"column":16},"end":{"line":153,"column":1}}},"5":{"name":"(anonymous_14)","decl":{"start":{"line":133,"column":28},"end":{"line":133,"column":33}},"loc":{"start":{"line":133,"column":50},"end":{"line":146,"column":5}}},"6":{"name":"recordWalletTopUp","decl":{"start":{"line":162,"column":22},"end":{"line":162,"column":39}},"loc":{"start":{"line":169,"column":3},"end":{"line":199,"column":1}}},"7":{"name":"(anonymous_16)","decl":{"start":{"line":174,"column":28},"end":{"line":174,"column":33}},"loc":{"start":{"line":174,"column":50},"end":{"line":192,"column":5}}},"8":{"name":"createPayoutLog","decl":{"start":{"line":206,"column":22},"end":{"line":206,"column":37}},"loc":{"start":{"line":213,"column":1},"end":{"line":223,"column":1}}},"9":{"name":"storeOrphanedWebhook","decl":{"start":{"line":232,"column":22},"end":{"line":232,"column":42}},"loc":{"start":{"line":235,"column":26},"end":{"line":250,"column":1}}}},"branchMap":{"0":{"loc":{"start":{"line":35,"column":6},"end":{"line":37,"column":7}},"type":"if","locations":[{"start":{"line":35,"column":6},"end":{"line":37,"column":7}}]},"1":{"loc":{"start":{"line":40,"column":22},"end":{"line":40,"column":42}},"type":"binary-expr","locations":[{"start":{"line":40,"column":22},"end":{"line":40,"column":37}},{"start":{"line":40,"column":41},"end":{"line":40,"column":42}}]},"2":{"loc":{"start":{"line":40,"column":22},"end":{"line":40,"column":37}},"type":"cond-expr","locations":[{"start":{"line":40,"column":28},"end":{"line":40,"column":30}},{"start":{"line":40,"column":22},"end":{"line":40,"column":37}}]},"3":{"loc":{"start":{"line":40,"column":22},"end":{"line":40,"column":30}},"type":"binary-expr","locations":[{"start":{"line":40,"column":22},"end":{"line":40,"column":30}},{"start":{"line":40,"column":22},"end":{"line":40,"column":30}}]},"4":{"loc":{"start":{"line":41,"column":23},"end":{"line":41,"column":44}},"type":"binary-expr","locations":[{"start":{"line":41,"column":23},"end":{"line":41,"column":39}},{"start":{"line":41,"column":43},"end":{"line":41,"column":44}}]},"5":{"loc":{"start":{"line":41,"column":23},"end":{"line":41,"column":39}},"type":"cond-expr","locations":[{"start":{"line":41,"column":29},"end":{"line":41,"column":31}},{"start":{"line":41,"column":23},"end":{"line":41,"column":39}}]},"6":{"loc":{"start":{"line":41,"column":23},"end":{"line":41,"column":31}},"type":"binary-expr","locations":[{"start":{"line":41,"column":23},"end":{"line":41,"column":31}},{"start":{"line":41,"column":23},"end":{"line":41,"column":31}}]},"7":{"loc":{"start":{"line":44,"column":6},"end":{"line":46,"column":7}},"type":"if","locations":[{"start":{"line":44,"column":6},"end":{"line":46,"column":7}}]},"8":{"loc":{"start":{"line":66,"column":4},"end":{"line":68,"column":5}},"type":"if","locations":[{"start":{"line":66,"column":4},"end":{"line":68,"column":5}}]},"9":{"loc":{"start":{"line":70,"column":4},"end":{"line":77,"column":5}},"type":"if","locations":[{"start":{"line":70,"column":4},"end":{"line":77,"column":5}}]},"10":{"loc":{"start":{"line":100,"column":6},"end":{"line":102,"column":7}},"type":"if","locations":[{"start":{"line":100,"column":6},"end":{"line":102,"column":7}}]},"11":{"loc":{"start":{"line":136,"column":6},"end":{"line":138,"column":7}},"type":"if","locations":[{"start":{"line":136,"column":6},"end":{"line":138,"column":7}}]},"12":{"loc":{"start":{"line":177,"column":6},"end":{"line":179,"column":7}},"type":"if","locations":[{"start":{"line":177,"column":6},"end":{"line":179,"column":7}}]},"13":{"loc":{"start":{"line":186,"column":18},"end":{"line":186,"column":41}},"type":"binary-expr","locations":[{"start":{"line":186,"column":18},"end":{"line":186,"column":33}},{"start":{"line":186,"column":37},"end":{"line":186,"column":41}}]},"14":{"loc":{"start":{"line":189,"column":17},"end":{"line":189,"column":39}},"type":"binary-expr","locations":[{"start":{"line":189,"column":17},"end":{"line":189,"column":31}},{"start":{"line":189,"column":35},"end":{"line":189,"column":39}}]},"15":{"loc":{"start":{"line":241,"column":22},"end":{"line":241,"column":44}},"type":"cond-expr","locations":[{"start":{"line":241,"column":22},"end":{"line":241,"column":36}},{"start":{"line":241,"column":40},"end":{"line":241,"column":44}}]},"16":{"loc":{"start":{"line":241,"column":22},"end":{"line":241,"column":40}},"type":"binary-expr","locations":[{"start":{"line":241,"column":22},"end":{"line":241,"column":40}},{"start":{"line":241,"column":22},"end":{"line":241,"column":40}}]},"17":{"loc":{"start":{"line":242,"column":25},"end":{"line":242,"column":45}},"type":"binary-expr","locations":[{"start":{"line":242,"column":25},"end":{"line":242,"column":37}},{"start":{"line":242,"column":41},"end":{"line":242,"column":45}}]}},"s":{"0":0,"1":0,"2":0,"3":0,"4":0,"5":0,"6":0,"7":0,"8":0,"9":0,"10":0,"11":0,"12":0,"13":0,"14":0,"15":0,"16":0,"17":0,"18":0,"19":0,"20":0,"21":0,"22":0,"23":0,"24":0,"25":0,"26":0,"27":0,"28":0,"29":0,"30":0,"31":0,"32":0,"33":0,"34":0,"35":0,"36":0,"37":0,"38":0,"39":0,"40":0,"41":0,"42":0,"43":0,"44":0,"45":0,"46":0,"47":0,"48":0,"49":0,"50":0,"51":0,"52":0,"53":0,"54":0,"55":0,"56":0,"57":0,"58":0,"59":0,"60":0,"61":0,"62":0,"63":0,"64":0,"65":0,"66":0,"67":0,"68":0},"f":{"0":0,"1":0,"2":0,"3":0,"4":0,"5":0,"6":0,"7":0,"8":0,"9":0},"b":{"0":[0],"1":[0,0],"2":[0,0],"3":[0,0],"4":[0,0],"5":[0,0],"6":[0,0],"7":[0],"8":[0],"9":[0],"10":[0],"11":[0],"12":[0],"13":[0,0],"14":[0,0],"15":[0,0],"16":[0,0],"17":[0,0]}}
,"Y:\\BugHuntr-4\\functions\\src\\utils\\validation.ts": {"path":"Y:\\BugHuntr-4\\functions\\src\\utils\\validation.ts","statementMap":{"0":{"start":{"line":23,"column":0},"end":{"line":23,"column":16}},"1":{"start":{"line":110,"column":0},"end":{"line":110,"column":16}},"2":{"start":{"line":150,"column":0},"end":{"line":150,"column":16}},"3":{"start":{"line":171,"column":0},"end":{"line":171,"column":16}},"4":{"start":{"line":188,"column":0},"end":{"line":188,"column":16}},"5":{"start":{"line":217,"column":0},"end":{"line":217,"column":16}},"6":{"start":{"line":230,"column":0},"end":{"line":230,"column":16}},"7":{"start":{"line":9,"column":0},"end":{"line":9,"column":48}},"8":{"start":{"line":27,"column":2},"end":{"line":29,"column":3}},"9":{"start":{"line":28,"column":4},"end":{"line":28,"column":60}},"10":{"start":{"line":31,"column":25},"end":{"line":31,"column":39}},"11":{"start":{"line":33,"column":2},"end":{"line":98,"column":3}},"12":{"start":{"line":42,"column":6},"end":{"line":47,"column":7}},"13":{"start":{"line":43,"column":8},"end":{"line":46,"column":10}},"14":{"start":{"line":48,"column":6},"end":{"line":48,"column":12}},"15":{"start":{"line":53,"column":6},"end":{"line":61,"column":7}},"16":{"start":{"line":57,"column":8},"end":{"line":60,"column":10}},"17":{"start":{"line":62,"column":6},"end":{"line":62,"column":12}},"18":{"start":{"line":67,"column":6},"end":{"line":72,"column":7}},"19":{"start":{"line":68,"column":8},"end":{"line":71,"column":10}},"20":{"start":{"line":73,"column":6},"end":{"line":73,"column":12}},"21":{"start":{"line":78,"column":6},"end":{"line":86,"column":7}},"22":{"start":{"line":82,"column":8},"end":{"line":85,"column":10}},"23":{"start":{"line":87,"column":6},"end":{"line":87,"column":12}},"24":{"start":{"line":90,"column":6},"end":{"line":90,"column":75}},"25":{"start":{"line":92,"column":6},"end":{"line":97,"column":7}},"26":{"start":{"line":93,"column":8},"end":{"line":96,"column":10}},"27":{"start":{"line":100,"column":2},"end":{"line":100,"column":27}},"28":{"start":{"line":114,"column":2},"end":{"line":116,"column":3}},"29":{"start":{"line":115,"column":4},"end":{"line":115,"column":70}},"30":{"start":{"line":118,"column":2},"end":{"line":120,"column":3}},"31":{"start":{"line":119,"column":4},"end":{"line":119,"column":73}},"32":{"start":{"line":123,"column":21},"end":{"line":123,"column":28}},"33":{"start":{"line":124,"column":2},"end":{"line":129,"column":3}},"34":{"start":{"line":125,"column":4},"end":{"line":128,"column":6}},"35":{"start":{"line":132,"column":19},"end":{"line":132,"column":63}},"36":{"start":{"line":133,"column":2},"end":{"line":138,"column":3}},"37":{"start":{"line":134,"column":4},"end":{"line":137,"column":6}},"38":{"start":{"line":140,"column":2},"end":{"line":140,"column":27}},"39":{"start":{"line":155,"column":19},"end":{"line":155,"column":77}},"40":{"start":{"line":159,"column":21},"end":{"line":159,"column":52}},"41":{"start":{"line":161,"column":2},"end":{"line":161,"column":38}},"42":{"start":{"line":175,"column":19},"end":{"line":175,"column":77}},"43":{"start":{"line":176,"column":17},"end":{"line":176,"column":88}},"44":{"start":{"line":178,"column":2},"end":{"line":178,"column":53}},"45":{"start":{"line":189,"column":44},"end":{"line":203,"column":4}},"46":{"start":{"line":205,"column":2},"end":{"line":205,"column":82}},"47":{"start":{"line":218,"column":2},"end":{"line":220,"column":3}},"48":{"start":{"line":219,"column":4},"end":{"line":219,"column":49}},"49":{"start":{"line":221,"column":2},"end":{"line":221,"column":37}},"50":{"start":{"line":231,"column":44},"end":{"line":241,"column":4}},"51":{"start":{"line":243,"column":2},"end":{"line":243,"column":66}}},"fnMap":{"0":{"name":"validateWalletAddress","decl":{"start":{"line":23,"column":16},"end":{"line":23,"column":37}},"loc":{"start":{"line":25,"column":17},"end":{"line":101,"column":1}}},"1":{"name":"validateAmount","decl":{"start":{"line":110,"column":16},"end":{"line":110,"column":30}},"loc":{"start":{"line":112,"column":18},"end":{"line":141,"column":1}}},"2":{"name":"formatAmountForCryptomus","decl":{"start":{"line":150,"column":16},"end":{"line":150,"column":40}},"loc":{"start":{"line":152,"column":18},"end":{"line":162,"column":1}}},"3":{"name":"parseAmountToSmallestUnits","decl":{"start":{"line":171,"column":16},"end":{"line":171,"column":42}},"loc":{"start":{"line":173,"column":18},"end":{"line":179,"column":1}}},"4":{"name":"getExplorerUrl","decl":{"start":{"line":188,"column":16},"end":{"line":188,"column":30}},"loc":{"start":{"line":188,"column":62},"end":{"line":206,"column":1}}},"5":{"name":"generateOrderId","decl":{"start":{"line":217,"column":16},"end":{"line":217,"column":31}},"loc":{"start":{"line":217,"column":69},"end":{"line":222,"column":1}}},"6":{"name":"mapCryptomusStatus","decl":{"start":{"line":230,"column":16},"end":{"line":230,"column":34}},"loc":{"start":{"line":230,"column":58},"end":{"line":244,"column":1}}}},"branchMap":{"0":{"loc":{"start":{"line":27,"column":2},"end":{"line":29,"column":3}},"type":"if","locations":[{"start":{"line":27,"column":2},"end":{"line":29,"column":3}}]},"1":{"loc":{"start":{"line":27,"column":6},"end":{"line":27,"column":45}},"type":"binary-expr","locations":[{"start":{"line":27,"column":6},"end":{"line":27,"column":14}},{"start":{"line":27,"column":18},"end":{"line":27,"column":45}}]},"2":{"loc":{"start":{"line":33,"column":2},"end":{"line":98,"column":3}},"type":"switch","locations":[{"start":{"line":34,"column":4},"end":{"line":34,"column":20}},{"start":{"line":35,"column":4},"end":{"line":35,"column":15}},{"start":{"line":36,"column":4},"end":{"line":36,"column":19}},{"start":{"line":37,"column":4},"end":{"line":37,"column":17}},{"start":{"line":38,"column":4},"end":{"line":38,"column":15}},{"start":{"line":39,"column":4},"end":{"line":39,"column":20}},{"start":{"line":40,"column":4},"end":{"line":48,"column":12}},{"start":{"line":50,"column":4},"end":{"line":50,"column":19}},{"start":{"line":51,"column":4},"end":{"line":62,"column":12}},{"start":{"line":64,"column":4},"end":{"line":64,"column":16}},{"start":{"line":65,"column":4},"end":{"line":73,"column":12}},{"start":{"line":75,"column":4},"end":{"line":75,"column":20}},{"start":{"line":76,"column":4},"end":{"line":87,"column":12}},{"start":{"line":89,"column":4},"end":{"line":97,"column":7}}]},"3":{"loc":{"start":{"line":42,"column":6},"end":{"line":47,"column":7}},"type":"if","locations":[{"start":{"line":42,"column":6},"end":{"line":47,"column":7}}]},"4":{"loc":{"start":{"line":53,"column":6},"end":{"line":61,"column":7}},"type":"if","locations":[{"start":{"line":53,"column":6},"end":{"line":61,"column":7}}]},"5":{"loc":{"start":{"line":54,"column":8},"end":{"line":55,"column":52}},"type":"binary-expr","locations":[{"start":{"line":54,"column":8},"end":{"line":54,"column":65}},{"start":{"line":55,"column":8},"end":{"line":55,"column":52}}]},"6":{"loc":{"start":{"line":67,"column":6},"end":{"line":72,"column":7}},"type":"if","locations":[{"start":{"line":67,"column":6},"end":{"line":72,"column":7}}]},"7":{"loc":{"start":{"line":78,"column":6},"end":{"line":86,"column":7}},"type":"if","locations":[{"start":{"line":78,"column":6},"end":{"line":86,"column":7}}]},"8":{"loc":{"start":{"line":79,"column":8},"end":{"line":80,"column":53}},"type":"binary-expr","locations":[{"start":{"line":79,"column":8},"end":{"line":79,"column":66}},{"start":{"line":80,"column":8},"end":{"line":80,"column":53}}]},"9":{"loc":{"start":{"line":92,"column":6},"end":{"line":97,"column":7}},"type":"if","locations":[{"start":{"line":92,"column":6},"end":{"line":97,"column":7}}]},"10":{"loc":{"start":{"line":92,"column":10},"end":{"line":92,"column":67}},"type":"binary-expr","locations":[{"start":{"line":92,"column":10},"end":{"line":92,"column":36}},{"start":{"line":92,"column":40},"end":{"line":92,"column":67}}]},"11":{"loc":{"start":{"line":114,"column":2},"end":{"line":116,"column":3}},"type":"if","locations":[{"start":{"line":114,"column":2},"end":{"line":116,"column":3}}]},"12":{"loc":{"start":{"line":114,"column":6},"end":{"line":114,"column":49}},"type":"binary-expr","locations":[{"start":{"line":114,"column":6},"end":{"line":114,"column":32}},{"start":{"line":114,"column":36},"end":{"line":114,"column":49}}]},"13":{"loc":{"start":{"line":118,"column":2},"end":{"line":120,"column":3}},"type":"if","locations":[{"start":{"line":118,"column":2},"end":{"line":120,"column":3}}]},"14":{"loc":{"start":{"line":124,"column":2},"end":{"line":129,"column":3}},"type":"if","locations":[{"start":{"line":124,"column":2},"end":{"line":129,"column":3}}]},"15":{"loc":{"start":{"line":132,"column":19},"end":{"line":132,"column":63}},"type":"binary-expr","locations":[{"start":{"line":132,"column":19},"end":{"line":132,"column":58}},{"start":{"line":132,"column":62},"end":{"line":132,"column":63}}]},"16":{"loc":{"start":{"line":132,"column":19},"end":{"line":132,"column":58}},"type":"cond-expr","locations":[{"start":{"line":132,"column":50},"end":{"line":132,"column":52}},{"start":{"line":132,"column":50},"end":{"line":132,"column":58}}]},"17":{"loc":{"start":{"line":132,"column":19},"end":{"line":132,"column":52}},"type":"binary-expr","locations":[{"start":{"line":132,"column":19},"end":{"line":132,"column":52}},{"start":{"line":132,"column":50},"end":{"line":132,"column":52}}]},"18":{"loc":{"start":{"line":133,"column":2},"end":{"line":138,"column":3}},"type":"if","locations":[{"start":{"line":133,"column":2},"end":{"line":138,"column":3}}]},"19":{"loc":{"start":{"line":155,"column":19},"end":{"line":155,"column":77}},"type":"cond-expr","locations":[{"start":{"line":155,"column":71},"end":{"line":155,"column":72}},{"start":{"line":155,"column":75},"end":{"line":155,"column":77}}]},"20":{"loc":{"start":{"line":175,"column":19},"end":{"line":175,"column":77}},"type":"cond-expr","locations":[{"start":{"line":175,"column":71},"end":{"line":175,"column":72}},{"start":{"line":175,"column":75},"end":{"line":175,"column":77}}]},"21":{"loc":{"start":{"line":176,"column":17},"end":{"line":176,"column":88}},"type":"cond-expr","locations":[{"start":{"line":176,"column":51},"end":{"line":176,"column":74}},{"start":{"line":176,"column":77},"end":{"line":176,"column":88}}]},"22":{"loc":{"start":{"line":205,"column":9},"end":{"line":205,"column":81}},"type":"binary-expr","locations":[{"start":{"line":205,"column":9},"end":{"line":205,"column":41}},{"start":{"line":205,"column":45},"end":{"line":205,"column":81}}]},"23":{"loc":{"start":{"line":218,"column":2},"end":{"line":220,"column":3}},"type":"if","locations":[{"start":{"line":218,"column":2},"end":{"line":220,"column":3}}]},"24":{"loc":{"start":{"line":243,"column":9},"end":{"line":243,"column":65}},"type":"binary-expr","locations":[{"start":{"line":243,"column":9},"end":{"line":243,"column":49}},{"start":{"line":243,"column":53},"end":{"line":243,"column":65}}]}},"s":{"0":0,"1":0,"2":0,"3":0,"4":0,"5":0,"6":0,"7":0,"8":0,"9":0,"10":0,"11":0,"12":0,"13":0,"14":0,"15":0,"16":0,"17":0,"18":0,"19":0,"20":0,"21":0,"22":0,"23":0,"24":0,"25":0,"26":0,"27":0,"28":0,"29":0,"30":0,"31":0,"32":0,"33":0,"34":0,"35":0,"36":0,"37":0,"38":0,"39":0,"40":0,"41":0,"42":0,"43":0,"44":0,"45":0,"46":0,"47":0,"48":0,"49":0,"50":0,"51":0},"f":{"0":0,"1":0,"2":0,"3":0,"4":0,"5":0,"6":0},"b":{"0":[0],"1":[0,0],"2":[0,0,0,0,0,0,0,0,0,0,0,0,0,0],"3":[0],"4":[0],"5":[0,0],"6":[0],"7":[0],"8":[0,0],"9":[0],"10":[0,0],"11":[0],"12":[0,0],"13":[0],"14":[0],"15":[0,0],"16":[0,0],"17":[0,0],"18":[0],"19":[0,0],"20":[0,0],"21":[0,0],"22":[0,0],"23":[0],"24":[0,0]}}
}
