TN:
SF:src\index.ts
FN:20,(anonymous_9)
FN:21,(anonymous_10)
FN:22,(anonymous_11)
FN:23,(anonymous_12)
FN:23,(anonymous_13)
FNF:5
FNH:0
FNDA:0,(anonymous_9)
FNDA:0,(anonymous_10)
FNDA:0,(anonymous_11)
FNDA:0,(anonymous_12)
FNDA:0,(anonymous_13)
DA:14,0
DA:17,0
DA:20,0
DA:21,0
DA:22,0
DA:23,0
LF:6
LH:0
BRF:0
BRH:0
end_of_record
TN:
SF:src\functions\createBatchPayouts.ts
FN:37,(anonymous_9)
FN:229,(anonymous_10)
FNF:2
FNH:0
FNDA:0,(anonymous_9)
FNDA:0,(anonymous_10)
DA:8,0
DA:9,0
DA:10,0
DA:12,0
DA:37,0
DA:45,0
DA:46,0
DA:52,0
DA:55,0
DA:56,0
DA:58,0
DA:59,0
DA:65,0
DA:75,0
DA:76,0
DA:82,0
DA:83,0
DA:89,0
DA:90,0
DA:100,0
DA:102,0
DA:115,0
DA:121,0
DA:130,0
DA:131,0
DA:133,0
DA:135,0
DA:136,0
DA:156,0
DA:169,0
DA:172,0
DA:173,0
DA:178,0
DA:190,0
DA:197,0
DA:209,0
DA:214,0
DA:227,0
DA:230,0
DA:231,0
DA:233,0
DA:234,0
DA:237,0
DA:243,0
DA:249,0
DA:257,0
DA:263,0
DA:268,0
LF:48
LH:0
BRDA:45,0,0,0
BRDA:58,1,0,0
BRDA:58,2,0,0
BRDA:58,2,1,0
BRDA:68,3,0,0
BRDA:68,3,1,0
BRDA:68,4,0,0
BRDA:68,4,1,0
BRDA:68,5,0,0
BRDA:68,5,1,0
BRDA:75,6,0,0
BRDA:75,7,0,0
BRDA:75,7,1,0
BRDA:75,7,2,0
BRDA:82,8,0,0
BRDA:89,9,0,0
BRDA:135,10,0,0
BRDA:135,11,0,0
BRDA:135,11,1,0
BRDA:135,11,2,0
BRDA:135,11,3,0
BRDA:135,11,4,0
BRDA:191,12,0,0
BRDA:191,12,1,0
BRDA:233,13,0,0
BRF:25
BRH:0
end_of_record
TN:
SF:src\functions\createPayout.ts
FN:63,(anonymous_9)
FNF:1
FNH:0
FNDA:0,(anonymous_9)
DA:17,0
DA:18,0
DA:19,0
DA:20,0
DA:26,0
DA:32,0
DA:63,0
DA:68,0
DA:69,0
DA:75,0
DA:78,0
DA:79,0
DA:81,0
DA:82,0
DA:88,0
DA:99,0
DA:100,0
DA:107,0
DA:108,0
DA:109,0
DA:119,0
DA:120,0
DA:122,0
DA:123,0
DA:125,0
DA:131,0
DA:145,0
DA:147,0
DA:148,0
DA:154,0
DA:155,0
DA:156,0
DA:159,0
DA:160,0
DA:161,0
DA:171,0
DA:173,0
DA:174,0
DA:185,0
DA:195,0
DA:211,0
DA:213,0
DA:219,0
DA:220,0
DA:223,0
DA:226,0
DA:239,0
DA:246,0
DA:257,0
DA:262,0
DA:275,0
DA:282,0
DA:285,0
DA:295,0
DA:310,0
LF:55
LH:0
BRDA:68,0,0,0
BRDA:81,1,0,0
BRDA:81,2,0,0
BRDA:81,2,1,0
BRDA:99,3,0,0
BRDA:99,4,0,0
BRDA:99,4,1,0
BRDA:99,4,2,0
BRDA:99,4,3,0
BRDA:99,4,4,0
BRDA:99,4,5,0
BRDA:107,5,0,0
BRDA:107,5,1,0
BRDA:108,6,0,0
BRDA:122,7,0,0
BRDA:127,8,0,0
BRDA:127,8,1,0
BRDA:127,9,0,0
BRDA:127,9,1,0
BRDA:134,10,0,0
BRDA:134,10,1,0
BRDA:134,11,0,0
BRDA:134,11,1,0
BRDA:135,12,0,0
BRDA:135,12,1,0
BRDA:135,13,0,0
BRDA:135,13,1,0
BRDA:147,14,0,0
BRDA:155,15,0,0
BRDA:155,15,1,0
BRDA:155,15,2,0
BRDA:155,16,0,0
BRDA:155,16,1,0
BRDA:155,17,0,0
BRDA:155,17,1,0
BRDA:156,18,0,0
BRDA:156,18,1,0
BRDA:156,18,2,0
BRDA:156,19,0,0
BRDA:156,19,1,0
BRDA:156,20,0,0
BRDA:156,20,1,0
BRDA:160,21,0,0
BRDA:173,22,0,0
BRDA:187,23,0,0
BRDA:187,23,1,0
BRDA:223,24,0,0
BRDA:223,24,1,0
BRDA:223,25,0,0
BRDA:223,25,1,0
BRDA:223,26,0,0
BRDA:223,26,1,0
BRDA:241,27,0,0
BRDA:241,27,1,0
BRDA:241,28,0,0
BRDA:241,28,1,0
BRDA:241,29,0,0
BRDA:241,29,1,0
BRDA:259,30,0,0
BRDA:259,30,1,0
BRDA:259,31,0,0
BRDA:259,31,1,0
BRDA:266,32,0,0
BRDA:266,32,1,0
BRDA:266,33,0,0
BRDA:266,33,1,0
BRDA:288,34,0,0
BRDA:288,34,1,0
BRF:68
BRH:0
end_of_record
TN:
SF:src\functions\cryptomusWebhook.ts
FN:40,(anonymous_9)
FNF:1
FNH:0
FNDA:0,(anonymous_9)
DA:19,0
DA:20,0
DA:22,0
DA:23,0
DA:24,0
DA:31,0
DA:40,0
DA:42,0
DA:43,0
DA:44,0
DA:47,0
DA:49,0
DA:59,0
DA:60,0
DA:61,0
DA:63,0
DA:64,0
DA:65,0
DA:66,0
DA:67,0
DA:70,0
DA:72,0
DA:73,0
DA:77,0
DA:78,0
DA:79,0
DA:82,0
DA:85,0
DA:86,0
DA:87,0
DA:88,0
DA:103,0
DA:105,0
DA:106,0
DA:107,0
DA:108,0
DA:109,0
DA:116,0
DA:117,0
DA:119,0
DA:120,0
DA:121,0
DA:122,0
DA:123,0
DA:126,0
DA:128,0
DA:129,0
DA:130,0
DA:131,0
DA:132,0
DA:134,0
DA:140,0
DA:142,0
DA:150,0
DA:152,0
DA:161,0
DA:162,0
DA:165,0
DA:166,0
DA:170,0
DA:175,0
DA:181,0
DA:183,0
DA:185,0
DA:195,0
DA:197,0
DA:199,0
DA:209,0
DA:211,0
DA:213,0
DA:224,0
DA:242,0
DA:248,0
DA:251,0
DA:259,0
DA:265,0
LF:76
LH:0
BRDA:42,0,0,0
BRDA:61,1,0,0
BRDA:61,1,1,0
BRDA:63,2,0,0
BRDA:72,3,0,0
BRDA:105,4,0,0
BRDA:119,5,0,0
BRDA:128,6,0,0
BRDA:134,7,0,0
BRDA:134,7,1,0
BRDA:134,8,0,0
BRDA:134,8,1,0
BRDA:161,9,0,0
BRDA:165,10,0,0
BRDA:165,11,0,0
BRDA:165,11,1,0
BRDA:165,12,0,0
BRDA:165,12,1,0
BRDA:165,13,0,0
BRDA:165,13,1,0
BRDA:171,14,0,0
BRDA:171,14,1,0
BRDA:171,15,0,0
BRDA:171,15,1,0
BRDA:181,16,0,0
BRDA:181,16,1,0
BRDA:181,17,0,0
BRDA:181,17,1,0
BRDA:195,18,0,0
BRDA:195,18,1,0
BRDA:195,19,0,0
BRDA:195,19,1,0
BRDA:209,20,0,0
BRF:33
BRH:0
end_of_record
TN:
SF:src\functions\reconcilePayouts.ts
FN:26,(anonymous_9)
FN:56,(anonymous_10)
FN:154,(anonymous_11)
FNF:3
FNH:0
FNDA:0,(anonymous_9)
FNDA:0,(anonymous_10)
FNDA:0,(anonymous_11)
DA:10,0
DA:11,0
DA:12,0
DA:13,0
DA:14,0
DA:16,0
DA:23,0
DA:27,0
DA:29,0
DA:30,0
DA:33,0
DA:34,0
DA:35,0
DA:37,0
DA:42,0
DA:44,0
DA:50,0
DA:55,0
DA:56,0
DA:57,0
DA:60,0
DA:68,0
DA:76,0
DA:77,0
DA:78,0
DA:80,0
DA:82,0
DA:84,0
DA:92,0
DA:93,0
DA:95,0
DA:96,0
DA:103,0
DA:111,0
DA:112,0
DA:126,0
DA:127,0
DA:132,0
DA:134,0
DA:141,0
DA:149,0
DA:154,0
DA:156,0
DA:157,0
DA:159,0
DA:171,0
DA:188,0
DA:190,0
DA:201,0
DA:206,0
DA:208,0
DA:216,0
DA:221,0
DA:229,0
LF:54
LH:0
BRDA:42,0,0,0
BRDA:42,0,1,0
BRDA:42,1,0,0
BRDA:42,1,1,0
BRDA:42,2,0,0
BRDA:42,2,1,0
BRDA:80,3,0,0
BRDA:80,3,1,0
BRDA:95,4,0,0
BRDA:126,5,0,0
BRDA:126,6,0,0
BRDA:126,6,1,0
BRDA:156,7,0,0
BRDA:195,8,0,0
BRDA:195,8,1,0
BRDA:195,8,2,0
BRDA:206,9,0,0
BRDA:206,10,0,0
BRDA:206,10,1,0
BRF:19
BRH:0
end_of_record
TN:
SF:src\utils\cryptomus-client.ts
FN:31,(anonymous_10)
FN:58,(anonymous_11)
FN:91,(anonymous_12)
FN:119,(anonymous_13)
FN:182,(anonymous_14)
FN:231,(anonymous_15)
FN:263,initializeCryptomusClient
FNF:7
FNH:3
FNDA:7,(anonymous_10)
FNDA:13,(anonymous_11)
FNDA:3,(anonymous_12)
FNDA:0,(anonymous_13)
FNDA:0,(anonymous_14)
FNDA:0,(anonymous_15)
FNDA:0,initializeCryptomusClient
DA:13,1
DA:14,1
DA:15,1
DA:18,1
DA:19,1
DA:27,1
DA:32,7
DA:34,7
DA:59,13
DA:60,13
DA:61,13
DA:62,13
DA:64,13
DA:69,13
DA:74,13
DA:76,0
DA:77,0
DA:92,3
DA:94,3
DA:95,3
DA:97,3
DA:98,3
DA:100,3
DA:106,3
DA:108,0
DA:109,0
DA:127,0
DA:128,0
DA:137,0
DA:139,0
DA:146,0
DA:153,0
DA:159,0
DA:161,0
DA:167,0
DA:188,0
DA:189,0
DA:196,0
DA:198,0
DA:200,0
DA:207,0
DA:211,0
DA:213,0
DA:217,0
DA:232,0
DA:233,0
DA:234,0
DA:236,0
DA:243,0
DA:245,0
DA:250,0
DA:263,1
DA:265,0
DA:267,0
DA:268,0
DA:274,0
LF:56
LH:23
BRDA:35,0,0,7
BRDA:35,0,1,0
BRDA:134,1,0,0
BRDA:134,1,1,0
BRDA:155,2,0,0
BRDA:155,2,1,0
BRDA:155,3,0,0
BRDA:155,3,1,0
BRDA:155,4,0,0
BRDA:155,4,1,0
BRDA:155,5,0,0
BRDA:155,5,1,0
BRDA:156,6,0,0
BRDA:156,6,1,0
BRDA:156,7,0,0
BRDA:156,7,1,0
BRDA:156,8,0,0
BRDA:156,8,1,0
BRDA:156,9,0,0
BRDA:156,9,1,0
BRDA:163,10,0,0
BRDA:163,10,1,0
BRDA:163,11,0,0
BRDA:163,11,1,0
BRDA:163,12,0,0
BRDA:163,12,1,0
BRDA:164,13,0,0
BRDA:164,13,1,0
BRDA:164,14,0,0
BRDA:164,14,1,0
BRDA:168,15,0,0
BRDA:168,15,1,0
BRDA:168,16,0,0
BRDA:168,16,1,0
BRDA:168,17,0,0
BRDA:168,17,1,0
BRDA:169,18,0,0
BRDA:169,18,1,0
BRDA:169,19,0,0
BRDA:169,19,1,0
BRDA:169,20,0,0
BRDA:169,20,1,0
BRDA:169,21,0,0
BRDA:169,21,1,0
BRDA:169,22,0,0
BRDA:169,22,1,0
BRDA:170,23,0,0
BRDA:170,23,1,0
BRDA:170,24,0,0
BRDA:170,24,1,0
BRDA:190,25,0,0
BRDA:190,25,1,0
BRDA:190,26,0,0
BRDA:190,26,1,0
BRDA:190,27,0,0
BRDA:190,27,1,0
BRDA:191,28,0,0
BRDA:191,28,1,0
BRDA:191,29,0,0
BRDA:191,29,1,0
BRDA:191,30,0,0
BRDA:191,30,1,0
BRDA:192,31,0,0
BRDA:192,31,1,0
BRDA:192,32,0,0
BRDA:192,32,1,0
BRDA:192,33,0,0
BRDA:192,33,1,0
BRDA:193,34,0,0
BRDA:193,34,1,0
BRDA:193,35,0,0
BRDA:193,35,1,0
BRDA:193,36,0,0
BRDA:193,36,1,0
BRDA:208,37,0,0
BRDA:208,37,1,0
BRDA:208,38,0,0
BRDA:208,38,1,0
BRDA:208,39,0,0
BRDA:208,39,1,0
BRDA:208,40,0,0
BRDA:208,40,1,0
BRDA:208,41,0,0
BRDA:208,41,1,0
BRDA:208,42,0,0
BRDA:208,42,1,0
BRDA:208,43,0,0
BRDA:208,43,1,0
BRDA:214,44,0,0
BRDA:214,44,1,0
BRDA:214,45,0,0
BRDA:214,45,1,0
BRDA:214,46,0,0
BRDA:214,46,1,0
BRDA:218,47,0,0
BRDA:218,47,1,0
BRDA:218,48,0,0
BRDA:218,48,1,0
BRDA:218,49,0,0
BRDA:218,49,1,0
BRDA:219,50,0,0
BRDA:219,50,1,0
BRDA:219,51,0,0
BRDA:219,51,1,0
BRDA:219,52,0,0
BRDA:219,52,1,0
BRDA:219,53,0,0
BRDA:219,53,1,0
BRDA:219,54,0,0
BRDA:219,54,1,0
BRDA:220,55,0,0
BRDA:220,55,1,0
BRDA:220,56,0,0
BRDA:220,56,1,0
BRDA:247,57,0,0
BRDA:247,57,1,0
BRDA:247,58,0,0
BRDA:247,58,1,0
BRDA:247,59,0,0
BRDA:247,59,1,0
BRDA:251,60,0,0
BRDA:251,60,1,0
BRDA:251,61,0,0
BRDA:251,61,1,0
BRDA:251,62,0,0
BRDA:251,62,1,0
BRDA:252,63,0,0
BRDA:252,63,1,0
BRDA:252,64,0,0
BRDA:252,64,1,0
BRDA:252,65,0,0
BRDA:252,65,1,0
BRDA:252,66,0,0
BRDA:252,66,1,0
BRDA:252,67,0,0
BRDA:252,67,1,0
BRDA:253,68,0,0
BRDA:253,68,1,0
BRDA:253,69,0,0
BRDA:253,69,1,0
BRDA:267,70,0,0
BRDA:267,71,0,0
BRDA:267,71,1,0
BRDA:267,72,0,0
BRDA:267,72,1,0
BRDA:267,73,0,0
BRDA:267,73,1,0
BRDA:267,74,0,0
BRDA:267,74,1,0
BRDA:267,75,0,0
BRDA:267,75,1,0
BRF:151
BRH:1
end_of_record
TN:
SF:src\utils\firestore.ts
FN:25,reserveWalletFunds
FN:32,(anonymous_10)
FN:90,releaseReservedFunds
FN:97,(anonymous_12)
FN:126,completePayoutDeduction
FN:133,(anonymous_14)
FN:162,recordWalletTopUp
FN:174,(anonymous_16)
FN:206,createPayoutLog
FN:232,storeOrphanedWebhook
FNF:10
FNH:0
FNDA:0,reserveWalletFunds
FNDA:0,(anonymous_10)
FNDA:0,releaseReservedFunds
FNDA:0,(anonymous_12)
FNDA:0,completePayoutDeduction
FNDA:0,(anonymous_14)
FNDA:0,recordWalletTopUp
FNDA:0,(anonymous_16)
FNDA:0,createPayoutLog
FNDA:0,storeOrphanedWebhook
DA:8,0
DA:9,0
DA:11,0
DA:25,0
DA:29,0
DA:31,0
DA:32,0
DA:33,0
DA:35,0
DA:36,0
DA:39,0
DA:40,0
DA:41,0
DA:42,0
DA:44,0
DA:45,0
DA:49,0
DA:54,0
DA:57,0
DA:64,0
DA:66,0
DA:67,0
DA:70,0
DA:71,0
DA:72,0
DA:79,0
DA:80,0
DA:90,0
DA:94,0
DA:96,0
DA:97,0
DA:98,0
DA:100,0
DA:101,0
DA:105,0
DA:111,0
DA:113,0
DA:114,0
DA:126,0
DA:130,0
DA:132,0
DA:133,0
DA:134,0
DA:136,0
DA:137,0
DA:141,0
DA:148,0
DA:150,0
DA:151,0
DA:162,0
DA:171,0
DA:173,0
DA:174,0
DA:175,0
DA:177,0
DA:178,0
DA:181,0
DA:194,0
DA:196,0
DA:197,0
DA:206,0
DA:214,0
DA:215,0
DA:220,0
DA:232,0
DA:237,0
DA:238,0
DA:246,0
DA:248,0
LF:69
LH:0
BRDA:35,0,0,0
BRDA:40,1,0,0
BRDA:40,1,1,0
BRDA:40,2,0,0
BRDA:40,2,1,0
BRDA:40,3,0,0
BRDA:40,3,1,0
BRDA:41,4,0,0
BRDA:41,4,1,0
BRDA:41,5,0,0
BRDA:41,5,1,0
BRDA:41,6,0,0
BRDA:41,6,1,0
BRDA:44,7,0,0
BRDA:66,8,0,0
BRDA:70,9,0,0
BRDA:100,10,0,0
BRDA:136,11,0,0
BRDA:177,12,0,0
BRDA:186,13,0,0
BRDA:186,13,1,0
BRDA:189,14,0,0
BRDA:189,14,1,0
BRDA:241,15,0,0
BRDA:241,15,1,0
BRDA:241,16,0,0
BRDA:241,16,1,0
BRDA:242,17,0,0
BRDA:242,17,1,0
BRF:29
BRH:0
end_of_record
TN:
SF:src\utils\validation.ts
FN:23,validateWalletAddress
FN:110,validateAmount
FN:150,formatAmountForCryptomus
FN:171,parseAmountToSmallestUnits
FN:188,getExplorerUrl
FN:217,generateOrderId
FN:230,mapCryptomusStatus
FNF:7
FNH:0
FNDA:0,validateWalletAddress
FNDA:0,validateAmount
FNDA:0,formatAmountForCryptomus
FNDA:0,parseAmountToSmallestUnits
FNDA:0,getExplorerUrl
FNDA:0,generateOrderId
FNDA:0,mapCryptomusStatus
DA:9,0
DA:23,0
DA:27,0
DA:28,0
DA:31,0
DA:33,0
DA:42,0
DA:43,0
DA:48,0
DA:53,0
DA:57,0
DA:62,0
DA:67,0
DA:68,0
DA:73,0
DA:78,0
DA:82,0
DA:87,0
DA:90,0
DA:92,0
DA:93,0
DA:100,0
DA:110,0
DA:114,0
DA:115,0
DA:118,0
DA:119,0
DA:123,0
DA:124,0
DA:125,0
DA:132,0
DA:133,0
DA:134,0
DA:140,0
DA:150,0
DA:155,0
DA:159,0
DA:161,0
DA:171,0
DA:175,0
DA:176,0
DA:178,0
DA:188,0
DA:189,0
DA:205,0
DA:217,0
DA:218,0
DA:219,0
DA:221,0
DA:230,0
DA:231,0
DA:243,0
LF:52
LH:0
BRDA:27,0,0,0
BRDA:27,1,0,0
BRDA:27,1,1,0
BRDA:33,2,0,0
BRDA:33,2,1,0
BRDA:33,2,2,0
BRDA:33,2,3,0
BRDA:33,2,4,0
BRDA:33,2,5,0
BRDA:33,2,6,0
BRDA:33,2,7,0
BRDA:33,2,8,0
BRDA:33,2,9,0
BRDA:33,2,10,0
BRDA:33,2,11,0
BRDA:33,2,12,0
BRDA:33,2,13,0
BRDA:42,3,0,0
BRDA:53,4,0,0
BRDA:54,5,0,0
BRDA:54,5,1,0
BRDA:67,6,0,0
BRDA:78,7,0,0
BRDA:79,8,0,0
BRDA:79,8,1,0
BRDA:92,9,0,0
BRDA:92,10,0,0
BRDA:92,10,1,0
BRDA:114,11,0,0
BRDA:114,12,0,0
BRDA:114,12,1,0
BRDA:118,13,0,0
BRDA:124,14,0,0
BRDA:132,15,0,0
BRDA:132,15,1,0
BRDA:132,16,0,0
BRDA:132,16,1,0
BRDA:132,17,0,0
BRDA:132,17,1,0
BRDA:133,18,0,0
BRDA:155,19,0,0
BRDA:155,19,1,0
BRDA:175,20,0,0
BRDA:175,20,1,0
BRDA:176,21,0,0
BRDA:176,21,1,0
BRDA:205,22,0,0
BRDA:205,22,1,0
BRDA:218,23,0,0
BRDA:243,24,0,0
BRDA:243,24,1,0
BRF:51
BRH:0
end_of_record
